{"/home/travis/build/npmtest/node-npmtest-node-session/test.js":{"path":"/home/travis/build/npmtest/node-npmtest-node-session/test.js","s":{"1":2,"2":2,"3":2,"4":2,"5":2,"6":2,"7":2,"8":1,"9":2,"10":2,"11":1,"12":1,"13":1,"14":1,"15":2,"16":2,"17":2,"18":2,"19":1,"20":1,"21":2,"22":2,"23":2,"24":1,"25":1,"26":1,"27":1,"28":1,"29":1,"30":1,"31":1,"32":1,"33":1,"34":1,"35":1,"36":1,"37":1,"38":1,"39":2,"40":2,"41":1,"42":2,"43":2,"44":1,"45":2,"46":2,"47":1,"48":2,"49":2,"50":1,"51":1,"52":1,"53":1,"54":1},"b":{"1":[2,1,1,1],"2":[1,1,1,1],"3":[1,1],"4":[1,1],"5":[1,1],"6":[1,1],"7":[1,1],"8":[1,1],"9":[1,1],"10":[1,1,1],"11":[1,1],"12":[1,1],"13":[1,1],"14":[1,1],"15":[1,1],"16":[1,1],"17":[1,1]},"f":{"1":2,"2":2,"3":2,"4":2,"5":2,"6":1,"7":1,"8":1,"9":2,"10":2,"11":2,"12":2,"13":1},"fnMap":{"1":{"name":"(anonymous_1)","line":12,"loc":{"start":{"line":12,"column":1},"end":{"line":12,"column":13}}},"2":{"name":"(anonymous_2)","line":19,"loc":{"start":{"line":19,"column":5},"end":{"line":19,"column":17}}},"3":{"name":"(anonymous_3)","line":23,"loc":{"start":{"line":23,"column":24},"end":{"line":23,"column":36}}},"4":{"name":"(anonymous_4)","line":61,"loc":{"start":{"line":61,"column":5},"end":{"line":61,"column":17}}},"5":{"name":"(anonymous_5)","line":82,"loc":{"start":{"line":82,"column":5},"end":{"line":82,"column":17}}},"6":{"name":"(anonymous_6)","line":91,"loc":{"start":{"line":91,"column":77},"end":{"line":94,"column":10}}},"7":{"name":"(anonymous_7)","line":112,"loc":{"start":{"line":112,"column":83},"end":{"line":115,"column":10}},"skip":true},"8":{"name":"(anonymous_8)","line":123,"loc":{"start":{"line":123,"column":77},"end":{"line":126,"column":10}},"skip":true},"9":{"name":"(anonymous_9)","line":139,"loc":{"start":{"line":139,"column":12},"end":{"line":139,"column":40}},"skip":true},"10":{"name":"(anonymous_10)","line":147,"loc":{"start":{"line":147,"column":77},"end":{"line":150,"column":10}},"skip":true},"11":{"name":"(anonymous_11)","line":158,"loc":{"start":{"line":158,"column":83},"end":{"line":161,"column":10}},"skip":true},"12":{"name":"(anonymous_12)","line":169,"loc":{"start":{"line":169,"column":79},"end":{"line":172,"column":10}},"skip":true},"13":{"name":"(anonymous_13)","line":180,"loc":{"start":{"line":180,"column":75},"end":{"line":183,"column":10}},"skip":true}},"statementMap":{"1":{"start":{"line":12,"column":0},"end":{"line":195,"column":5}},"2":{"start":{"line":14,"column":4},"end":{"line":14,"column":14}},"3":{"start":{"line":19,"column":4},"end":{"line":56,"column":9}},"4":{"start":{"line":21,"column":8},"end":{"line":21,"column":19}},"5":{"start":{"line":23,"column":8},"end":{"line":35,"column":13}},"6":{"start":{"line":24,"column":12},"end":{"line":34,"column":13}},"7":{"start":{"line":25,"column":16},"end":{"line":28,"column":30}},"8":{"start":{"line":30,"column":16},"end":{"line":33,"column":27}},"9":{"start":{"line":37,"column":8},"end":{"line":39,"column":21}},"10":{"start":{"line":40,"column":8},"end":{"line":53,"column":9}},"11":{"start":{"line":43,"column":12},"end":{"line":46,"column":14}},"12":{"start":{"line":47,"column":12},"end":{"line":47,"column":18}},"13":{"start":{"line":50,"column":12},"end":{"line":51,"column":33}},"14":{"start":{"line":52,"column":12},"end":{"line":52,"column":18}},"15":{"start":{"line":55,"column":8},"end":{"line":55,"column":35}},"16":{"start":{"line":61,"column":4},"end":{"line":63,"column":9}},"17":{"start":{"line":62,"column":8},"end":{"line":62,"column":15}},"18":{"start":{"line":64,"column":4},"end":{"line":77,"column":5}},"19":{"start":{"line":70,"column":8},"end":{"line":70,"column":14}},"20":{"start":{"line":76,"column":8},"end":{"line":76,"column":14}},"21":{"start":{"line":82,"column":4},"end":{"line":84,"column":9}},"22":{"start":{"line":83,"column":8},"end":{"line":83,"column":15}},"23":{"start":{"line":85,"column":4},"end":{"line":194,"column":5}},"24":{"start":{"line":91,"column":8},"end":{"line":99,"column":10}},"25":{"start":{"line":98,"column":12},"end":{"line":98,"column":35}},"26":{"start":{"line":102,"column":8},"end":{"line":104,"column":63}},"27":{"start":{"line":105,"column":8},"end":{"line":105,"column":14}},"28":{"start":{"line":112,"column":8},"end":{"line":121,"column":10},"skip":true},"29":{"start":{"line":119,"column":12},"end":{"line":119,"column":55},"skip":true},"30":{"start":{"line":120,"column":12},"end":{"line":120,"column":48},"skip":true},"31":{"start":{"line":123,"column":8},"end":{"line":136,"column":10},"skip":true},"32":{"start":{"line":130,"column":12},"end":{"line":130,"column":76},"skip":true},"33":{"start":{"line":131,"column":12},"end":{"line":131,"column":73},"skip":true},"34":{"start":{"line":132,"column":12},"end":{"line":132,"column":74},"skip":true},"35":{"start":{"line":133,"column":12},"end":{"line":133,"column":79},"skip":true},"36":{"start":{"line":134,"column":12},"end":{"line":134,"column":25},"skip":true},"37":{"start":{"line":135,"column":12},"end":{"line":135,"column":45},"skip":true},"38":{"start":{"line":138,"column":8},"end":{"line":145,"column":14},"skip":true},"39":{"start":{"line":143,"column":16},"end":{"line":143,"column":29},"skip":true},"40":{"start":{"line":144,"column":16},"end":{"line":144,"column":55},"skip":true},"41":{"start":{"line":147,"column":8},"end":{"line":156,"column":10},"skip":true},"42":{"start":{"line":154,"column":12},"end":{"line":154,"column":25},"skip":true},"43":{"start":{"line":155,"column":12},"end":{"line":155,"column":45},"skip":true},"44":{"start":{"line":158,"column":8},"end":{"line":167,"column":10},"skip":true},"45":{"start":{"line":165,"column":12},"end":{"line":165,"column":25},"skip":true},"46":{"start":{"line":166,"column":12},"end":{"line":166,"column":48},"skip":true},"47":{"start":{"line":169,"column":8},"end":{"line":178,"column":10},"skip":true},"48":{"start":{"line":176,"column":12},"end":{"line":176,"column":25},"skip":true},"49":{"start":{"line":177,"column":12},"end":{"line":177,"column":46},"skip":true},"50":{"start":{"line":180,"column":8},"end":{"line":189,"column":10},"skip":true},"51":{"start":{"line":187,"column":12},"end":{"line":187,"column":94},"skip":true},"52":{"start":{"line":188,"column":12},"end":{"line":188,"column":48},"skip":true},"53":{"start":{"line":192,"column":8},"end":{"line":192,"column":35},"skip":true},"54":{"start":{"line":193,"column":8},"end":{"line":193,"column":14},"skip":true}},"branchMap":{"1":{"line":25,"type":"binary-expr","locations":[{"start":{"line":25,"column":23},"end":{"line":25,"column":62}},{"start":{"line":26,"column":20},"end":{"line":26,"column":70}},{"start":{"line":27,"column":20},"end":{"line":27,"column":71}},{"start":{"line":28,"column":20},"end":{"line":28,"column":29}}]},"2":{"line":30,"type":"binary-expr","locations":[{"start":{"line":30,"column":23},"end":{"line":30,"column":37}},{"start":{"line":31,"column":20},"end":{"line":31,"column":61}},{"start":{"line":32,"column":20},"end":{"line":32,"column":70}},{"start":{"line":33,"column":20},"end":{"line":33,"column":26}}]},"3":{"line":37,"type":"cond-expr","locations":[{"start":{"line":38,"column":14},"end":{"line":38,"column":20}},{"start":{"line":39,"column":14},"end":{"line":39,"column":20}}]},"4":{"line":40,"type":"switch","locations":[{"start":{"line":42,"column":8},"end":{"line":47,"column":18}},{"start":{"line":49,"column":8},"end":{"line":52,"column":18}}]},"5":{"line":44,"type":"binary-expr","locations":[{"start":{"line":44,"column":16},"end":{"line":44,"column":44}},{"start":{"line":44,"column":48},"end":{"line":44,"column":66}}]},"6":{"line":50,"type":"binary-expr","locations":[{"start":{"line":50,"column":21},"end":{"line":50,"column":49}},{"start":{"line":50,"column":53},"end":{"line":50,"column":72}}]},"7":{"line":64,"type":"switch","locations":[{"start":{"line":69,"column":4},"end":{"line":70,"column":14}},{"start":{"line":75,"column":4},"end":{"line":76,"column":14}}]},"8":{"line":85,"type":"switch","locations":[{"start":{"line":90,"column":4},"end":{"line":105,"column":14}},{"start":{"line":111,"column":4},"end":{"line":193,"column":14},"skip":true}]},"9":{"line":91,"type":"binary-expr","locations":[{"start":{"line":91,"column":42},"end":{"line":91,"column":73}},{"start":{"line":91,"column":77},"end":{"line":99,"column":9}}]},"10":{"line":102,"type":"binary-expr","locations":[{"start":{"line":102,"column":18},"end":{"line":102,"column":32}},{"start":{"line":103,"column":12},"end":{"line":103,"column":53}},{"start":{"line":104,"column":12},"end":{"line":104,"column":61}}]},"11":{"line":112,"type":"binary-expr","locations":[{"start":{"line":112,"column":45},"end":{"line":112,"column":79},"skip":true},{"start":{"line":112,"column":83},"end":{"line":121,"column":9},"skip":true}]},"12":{"line":123,"type":"binary-expr","locations":[{"start":{"line":123,"column":42},"end":{"line":123,"column":73},"skip":true},{"start":{"line":123,"column":77},"end":{"line":136,"column":9},"skip":true}]},"13":{"line":138,"type":"binary-expr","locations":[{"start":{"line":138,"column":48},"end":{"line":138,"column":85},"skip":true},{"start":{"line":139,"column":12},"end":{"line":145,"column":13},"skip":true}]},"14":{"line":147,"type":"binary-expr","locations":[{"start":{"line":147,"column":42},"end":{"line":147,"column":73},"skip":true},{"start":{"line":147,"column":77},"end":{"line":156,"column":9},"skip":true}]},"15":{"line":158,"type":"binary-expr","locations":[{"start":{"line":158,"column":45},"end":{"line":158,"column":79},"skip":true},{"start":{"line":158,"column":83},"end":{"line":167,"column":9},"skip":true}]},"16":{"line":169,"type":"binary-expr","locations":[{"start":{"line":169,"column":43},"end":{"line":169,"column":75},"skip":true},{"start":{"line":169,"column":79},"end":{"line":178,"column":9},"skip":true}]},"17":{"line":180,"type":"binary-expr","locations":[{"start":{"line":180,"column":41},"end":{"line":180,"column":71},"skip":true},{"start":{"line":180,"column":75},"end":{"line":189,"column":9},"skip":true}]}},"code":["/* istanbul instrument in package npmtest_node_session */","/*jslint","    bitwise: true,","    browser: true,","    maxerr: 8,","    maxlen: 96,","    node: true,","    nomen: true,","    regexp: true,","    stupid: true","*/","(function () {","    'use strict';","    var local;","","","","    // run shared js-env code - pre-init","    (function () {","        // init local","        local = {};","        // init modeJs","        local.modeJs = (function () {","            try {","                return typeof navigator.userAgent === 'string' &&","                    typeof document.querySelector('body') === 'object' &&","                    typeof XMLHttpRequest.prototype.open === 'function' &&","                    'browser';","            } catch (errorCaughtBrowser) {","                return module.exports &&","                    typeof process.versions.node === 'string' &&","                    typeof require('http').createServer === 'function' &&","                    'node';","            }","        }());","        // init global","        local.global = local.modeJs === 'browser'","            ? window","            : global;","        switch (local.modeJs) {","        // re-init local from window.local","        case 'browser':","            local = local.global.utility2.objectSetDefault(","                local.global.utility2_rollup || local.global.local,","                local.global.utility2","            );","            break;","        // re-init local from example.js","        case 'node':","            local = (local.global.utility2_rollup || require('utility2'))","                .requireReadme();","            break;","        }","        // export local","        local.global.local = local;","    }());","","","","    // run shared js-env code - function","    (function () {","        return;","    }());","    switch (local.modeJs) {","","","","    // run browser js-env code - function","    case 'browser':","        break;","","","","    // run node js-env code - function","    case 'node':","        break;","    }","","","","    // run shared js-env code - post-init","    (function () {","        return;","    }());","    switch (local.modeJs) {","","","","    // run browser js-env code - post-init","    case 'browser':","        local.testCase_browser_nullCase = local.testCase_browser_nullCase || function (","            options,","            onError","        ) {","        /*","         * this function will test browsers's null-case handling-behavior-behavior","         */","            onError(null, options);","        };","","        // run tests","        local.nop(local.modeTest &&","            document.querySelector('#testRunButton1') &&","            document.querySelector('#testRunButton1').click());","        break;","","","","    // run node js-env code - post-init","    /* istanbul ignore next */","    case 'node':","        local.testCase_buildApidoc_default = local.testCase_buildApidoc_default || function (","            options,","            onError","        ) {","        /*","         * this function will test buildApidoc's default handling-behavior-behavior","         */","            options = { modulePathList: module.paths };","            local.buildApidoc(options, onError);","        };","","        local.testCase_buildApp_default = local.testCase_buildApp_default || function (","            options,","            onError","        ) {","        /*","         * this function will test buildApp's default handling-behavior-behavior","         */","            local.testCase_buildReadme_default(options, local.onErrorThrow);","            local.testCase_buildLib_default(options, local.onErrorThrow);","            local.testCase_buildTest_default(options, local.onErrorThrow);","            local.testCase_buildCustomOrg_default(options, local.onErrorThrow);","            options = [];","            local.buildApp(options, onError);","        };","","        local.testCase_buildCustomOrg_default = local.testCase_buildCustomOrg_default ||","            function (options, onError) {","            /*","             * this function will test buildCustomOrg's default handling-behavior","             */","                options = {};","                local.buildCustomOrg(options, onError);","            };","","        local.testCase_buildLib_default = local.testCase_buildLib_default || function (","            options,","            onError","        ) {","        /*","         * this function will test buildLib's default handling-behavior","         */","            options = {};","            local.buildLib(options, onError);","        };","","        local.testCase_buildReadme_default = local.testCase_buildReadme_default || function (","            options,","            onError","        ) {","        /*","         * this function will test buildReadme's default handling-behavior-behavior","         */","            options = {};","            local.buildReadme(options, onError);","        };","","        local.testCase_buildTest_default = local.testCase_buildTest_default || function (","            options,","            onError","        ) {","        /*","         * this function will test buildTest's default handling-behavior","         */","            options = {};","            local.buildTest(options, onError);","        };","","        local.testCase_webpage_default = local.testCase_webpage_default || function (","            options,","            onError","        ) {","        /*","         * this function will test webpage's default handling-behavior","         */","            options = { modeCoverageMerge: true, url: local.serverLocalHost + '?modeTest=1' };","            local.browserTest(options, onError);","        };","","        // run test-server","        local.testRunServer(local);","        break;","    }","}());",""],"l":{"12":2,"14":2,"19":2,"21":2,"23":2,"24":2,"25":2,"30":1,"37":2,"40":2,"43":1,"47":1,"50":1,"52":1,"55":2,"61":2,"62":2,"64":2,"70":1,"76":1,"82":2,"83":2,"85":2,"91":1,"98":1,"102":1,"105":1,"112":1,"119":1,"120":1,"123":1,"130":1,"131":1,"132":1,"133":1,"134":1,"135":1,"138":1,"143":2,"144":2,"147":1,"154":2,"155":2,"158":1,"165":2,"166":2,"169":1,"176":2,"177":2,"180":1,"187":1,"188":1,"192":1,"193":1}},"/home/travis/build/npmtest/node-npmtest-node-session/lib.npmtest_node_session.js":{"path":"/home/travis/build/npmtest/node-npmtest-node-session/lib.npmtest_node_session.js","s":{"1":2,"2":2,"3":2,"4":2,"5":2,"6":2,"7":2,"8":1,"9":2,"10":2,"11":2,"12":2,"13":1,"14":1,"15":1,"16":1},"b":{"1":[2,1,1,1],"2":[1,1,1,1],"3":[1,1],"4":[2,2],"5":[1,1]},"f":{"1":2,"2":2,"3":2},"fnMap":{"1":{"name":"(anonymous_1)","line":12,"loc":{"start":{"line":12,"column":1},"end":{"line":12,"column":13}}},"2":{"name":"(anonymous_2)","line":19,"loc":{"start":{"line":19,"column":5},"end":{"line":19,"column":17}}},"3":{"name":"(anonymous_3)","line":23,"loc":{"start":{"line":23,"column":24},"end":{"line":23,"column":36}}}},"statementMap":{"1":{"start":{"line":12,"column":0},"end":{"line":53,"column":5}},"2":{"start":{"line":14,"column":4},"end":{"line":14,"column":14}},"3":{"start":{"line":19,"column":4},"end":{"line":52,"column":9}},"4":{"start":{"line":21,"column":8},"end":{"line":21,"column":19}},"5":{"start":{"line":23,"column":8},"end":{"line":35,"column":13}},"6":{"start":{"line":24,"column":12},"end":{"line":34,"column":13}},"7":{"start":{"line":25,"column":16},"end":{"line":28,"column":30}},"8":{"start":{"line":30,"column":16},"end":{"line":33,"column":27}},"9":{"start":{"line":37,"column":8},"end":{"line":39,"column":21}},"10":{"start":{"line":41,"column":8},"end":{"line":41,"column":54}},"11":{"start":{"line":43,"column":8},"end":{"line":43,"column":57}},"12":{"start":{"line":45,"column":8},"end":{"line":51,"column":9}},"13":{"start":{"line":46,"column":12},"end":{"line":46,"column":63}},"14":{"start":{"line":48,"column":12},"end":{"line":48,"column":35}},"15":{"start":{"line":49,"column":12},"end":{"line":49,"column":49}},"16":{"start":{"line":50,"column":12},"end":{"line":50,"column":43}}},"branchMap":{"1":{"line":25,"type":"binary-expr","locations":[{"start":{"line":25,"column":23},"end":{"line":25,"column":62}},{"start":{"line":26,"column":20},"end":{"line":26,"column":70}},{"start":{"line":27,"column":20},"end":{"line":27,"column":71}},{"start":{"line":28,"column":20},"end":{"line":28,"column":29}}]},"2":{"line":30,"type":"binary-expr","locations":[{"start":{"line":30,"column":23},"end":{"line":30,"column":37}},{"start":{"line":31,"column":20},"end":{"line":31,"column":61}},{"start":{"line":32,"column":20},"end":{"line":32,"column":70}},{"start":{"line":33,"column":20},"end":{"line":33,"column":26}}]},"3":{"line":37,"type":"cond-expr","locations":[{"start":{"line":38,"column":14},"end":{"line":38,"column":20}},{"start":{"line":39,"column":14},"end":{"line":39,"column":20}}]},"4":{"line":41,"type":"binary-expr","locations":[{"start":{"line":41,"column":16},"end":{"line":41,"column":44}},{"start":{"line":41,"column":48},"end":{"line":41,"column":53}}]},"5":{"line":45,"type":"if","locations":[{"start":{"line":45,"column":8},"end":{"line":45,"column":8}},{"start":{"line":45,"column":8},"end":{"line":45,"column":8}}]}},"code":["/* istanbul instrument in package npmtest_node_session */","/*jslint","    bitwise: true,","    browser: true,","    maxerr: 8,","    maxlen: 96,","    node: true,","    nomen: true,","    regexp: true,","    stupid: true","*/","(function () {","    'use strict';","    var local;","","","","    // run shared js-env code - pre-init","    (function () {","        // init local","        local = {};","        // init modeJs","        local.modeJs = (function () {","            try {","                return typeof navigator.userAgent === 'string' &&","                    typeof document.querySelector('body') === 'object' &&","                    typeof XMLHttpRequest.prototype.open === 'function' &&","                    'browser';","            } catch (errorCaughtBrowser) {","                return module.exports &&","                    typeof process.versions.node === 'string' &&","                    typeof require('http').createServer === 'function' &&","                    'node';","            }","        }());","        // init global","        local.global = local.modeJs === 'browser'","            ? window","            : global;","        // init utility2_rollup","        local = local.global.utility2_rollup || local;","        // init lib","        local.local = local.npmtest_node_session = local;","        // init exports","        if (local.modeJs === 'browser') {","            local.global.utility2_npmtest_node_session = local;","        } else {","            module.exports = local;","            module.exports.__dirname = __dirname;","            module.exports.module = module;","        }","    }());","}());",""],"l":{"12":2,"14":2,"19":2,"21":2,"23":2,"24":2,"25":2,"30":1,"37":2,"41":2,"43":2,"45":2,"46":1,"48":1,"49":1,"50":1}},"/home/travis/build/npmtest/node-npmtest-node-session/example.js":{"path":"/home/travis/build/npmtest/node-npmtest-node-session/example.js","s":{"1":2,"2":2,"3":2,"4":2,"5":2,"6":2,"7":2,"8":1,"9":2,"10":2,"11":2,"12":2,"13":1,"14":2,"15":2,"16":2,"17":2,"18":2,"19":0,"20":2,"21":1,"22":1,"23":1,"24":1,"25":1,"26":0,"27":0,"28":1,"29":1,"30":2,"31":0,"32":0,"33":0,"34":1,"35":2,"36":2,"37":3,"38":3,"39":3,"40":3,"41":0,"42":3,"43":3,"44":3,"45":1,"46":3,"47":1,"48":1,"49":1,"50":1,"51":1,"52":1,"53":1,"54":1,"55":1,"56":1,"57":0,"58":1,"59":6,"60":6,"61":1,"62":2,"63":0,"64":2,"65":1,"66":1,"67":0,"68":0,"69":0,"70":0,"71":0,"72":0,"73":0,"74":0,"75":0,"76":0,"77":0,"78":0,"79":0,"80":0,"81":0,"82":0,"83":0},"b":{"1":[2,1,1,1],"2":[1,1,1,1],"3":[1,1],"4":[2,2],"5":[1,1],"6":[1,1],"7":[2,0],"8":[2,1,1,1,1,1],"9":[0,2,0],"10":[1,1],"11":[2,1,1],"12":[1,0],"13":[0,2],"14":[2,0,0,0,0,0,0],"15":[0,3],"16":[3,0],"17":[1,1],"18":[0,1],"19":[1,2,0,2],"20":[1,0],"21":[1,1],"22":[0,0],"23":[0,0],"24":[0,0],"25":[0,0],"26":[0,0],"27":[0,0],"28":[0,0]},"f":{"1":2,"2":2,"3":2,"4":2,"5":2,"6":2,"7":3,"8":3,"9":3,"10":1,"11":6,"12":0},"fnMap":{"1":{"name":"(anonymous_1)","line":26,"loc":{"start":{"line":26,"column":1},"end":{"line":26,"column":13}}},"2":{"name":"(anonymous_2)","line":33,"loc":{"start":{"line":33,"column":5},"end":{"line":33,"column":17}}},"3":{"name":"(anonymous_3)","line":37,"loc":{"start":{"line":37,"column":24},"end":{"line":37,"column":36}}},"4":{"name":"(anonymous_4)","line":69,"loc":{"start":{"line":69,"column":31},"end":{"line":69,"column":48}},"skip":true},"5":{"name":"(anonymous_5)","line":78,"loc":{"start":{"line":78,"column":26},"end":{"line":78,"column":45}},"skip":true},"6":{"name":"(anonymous_6)","line":123,"loc":{"start":{"line":123,"column":33},"end":{"line":123,"column":48}},"skip":true},"7":{"name":"(anonymous_7)","line":125,"loc":{"start":{"line":125,"column":27},"end":{"line":125,"column":39}},"skip":true},"8":{"name":"(anonymous_8)","line":133,"loc":{"start":{"line":133,"column":59},"end":{"line":133,"column":74}},"skip":true},"9":{"name":"(anonymous_9)","line":143,"loc":{"start":{"line":143,"column":45},"end":{"line":143,"column":62}},"skip":true},"10":{"name":"(anonymous_10)","line":144,"loc":{"start":{"line":144,"column":73},"end":{"line":144,"column":92}},"skip":true},"11":{"name":"(anonymous_11)","line":272,"loc":{"start":{"line":272,"column":51},"end":{"line":272,"column":77}},"skip":true},"12":{"name":"(anonymous_12)","line":315,"loc":{"start":{"line":315,"column":32},"end":{"line":315,"column":61}},"skip":true}},"statementMap":{"1":{"start":{"line":26,"column":0},"end":{"line":326,"column":5}},"2":{"start":{"line":28,"column":4},"end":{"line":28,"column":14}},"3":{"start":{"line":33,"column":4},"end":{"line":60,"column":9}},"4":{"start":{"line":35,"column":8},"end":{"line":35,"column":19}},"5":{"start":{"line":37,"column":8},"end":{"line":49,"column":13}},"6":{"start":{"line":38,"column":12},"end":{"line":48,"column":13}},"7":{"start":{"line":39,"column":16},"end":{"line":42,"column":30}},"8":{"start":{"line":44,"column":16},"end":{"line":47,"column":27}},"9":{"start":{"line":51,"column":8},"end":{"line":53,"column":21}},"10":{"start":{"line":55,"column":8},"end":{"line":57,"column":45}},"11":{"start":{"line":59,"column":8},"end":{"line":59,"column":35}},"12":{"start":{"line":61,"column":4},"end":{"line":325,"column":5}},"13":{"start":{"line":69,"column":8},"end":{"line":121,"column":10},"skip":true},"14":{"start":{"line":70,"column":12},"end":{"line":88,"column":13},"skip":true},"15":{"start":{"line":76,"column":16},"end":{"line":87,"column":19},"skip":true},"16":{"start":{"line":79,"column":20},"end":{"line":86,"column":21},"skip":true},"17":{"start":{"line":82,"column":24},"end":{"line":82,"column":43},"skip":true},"18":{"start":{"line":83,"column":24},"end":{"line":83,"column":30},"skip":true},"19":{"start":{"line":85,"column":24},"end":{"line":85,"column":49},"skip":true},"20":{"start":{"line":89,"column":12},"end":{"line":107,"column":13},"skip":true},"21":{"start":{"line":92,"column":16},"end":{"line":102,"column":17},"skip":true},"22":{"start":{"line":93,"column":20},"end":{"line":93,"column":86},"skip":true},"23":{"start":{"line":94,"column":20},"end":{"line":95,"column":45},"skip":true},"24":{"start":{"line":96,"column":20},"end":{"line":96,"column":42},"skip":true},"25":{"start":{"line":97,"column":20},"end":{"line":97,"column":48},"skip":true},"26":{"start":{"line":100,"column":20},"end":{"line":100,"column":85},"skip":true},"27":{"start":{"line":101,"column":20},"end":{"line":101,"column":96},"skip":true},"28":{"start":{"line":103,"column":16},"end":{"line":103,"column":22},"skip":true},"29":{"start":{"line":106,"column":16},"end":{"line":106,"column":22},"skip":true},"30":{"start":{"line":108,"column":12},"end":{"line":120,"column":13},"skip":true},"31":{"start":{"line":114,"column":16},"end":{"line":119,"column":17},"skip":true},"32":{"start":{"line":116,"column":20},"end":{"line":116,"column":78},"skip":true},"33":{"start":{"line":118,"column":20},"end":{"line":118,"column":47},"skip":true},"34":{"start":{"line":123,"column":8},"end":{"line":141,"column":11},"skip":true},"35":{"start":{"line":124,"column":12},"end":{"line":124,"column":54},"skip":true},"36":{"start":{"line":125,"column":12},"end":{"line":140,"column":14},"skip":true},"37":{"start":{"line":126,"column":16},"end":{"line":126,"column":28},"skip":true},"38":{"start":{"line":127,"column":16},"end":{"line":127,"column":69},"skip":true},"39":{"start":{"line":128,"column":16},"end":{"line":128,"column":75},"skip":true},"40":{"start":{"line":129,"column":16},"end":{"line":131,"column":17},"skip":true},"41":{"start":{"line":130,"column":20},"end":{"line":130,"column":27},"skip":true},"42":{"start":{"line":133,"column":16},"end":{"line":137,"column":36},"skip":true},"43":{"start":{"line":134,"column":20},"end":{"line":136,"column":55},"skip":true},"44":{"start":{"line":139,"column":16},"end":{"line":139,"column":57},"skip":true},"45":{"start":{"line":143,"column":8},"end":{"line":147,"column":11},"skip":true},"46":{"start":{"line":144,"column":12},"end":{"line":146,"column":15},"skip":true},"47":{"start":{"line":145,"column":16},"end":{"line":145,"column":70},"skip":true},"48":{"start":{"line":149,"column":8},"end":{"line":149,"column":31},"skip":true},"49":{"start":{"line":150,"column":8},"end":{"line":150,"column":14},"skip":true},"50":{"start":{"line":158,"column":8},"end":{"line":158,"column":31},"skip":true},"51":{"start":{"line":160,"column":8},"end":{"line":160,"column":33},"skip":true},"52":{"start":{"line":161,"column":8},"end":{"line":161,"column":37},"skip":true},"53":{"start":{"line":162,"column":8},"end":{"line":162,"column":35},"skip":true},"54":{"start":{"line":164,"column":8},"end":{"line":164,"column":50},"skip":true},"55":{"start":{"line":166,"column":8},"end":{"line":256,"column":2},"skip":true},"56":{"start":{"line":258,"column":8},"end":{"line":286,"column":9},"skip":true},"57":{"start":{"line":259,"column":12},"end":{"line":269,"column":14},"skip":true},"58":{"start":{"line":271,"column":12},"end":{"line":285,"column":19},"skip":true},"59":{"start":{"line":274,"column":20},"end":{"line":274,"column":35},"skip":true},"60":{"start":{"line":275,"column":20},"end":{"line":284,"column":21},"skip":true},"61":{"start":{"line":277,"column":24},"end":{"line":277,"column":64},"skip":true},"62":{"start":{"line":279,"column":24},"end":{"line":279,"column":40},"skip":true},"63":{"start":{"line":281,"column":24},"end":{"line":281,"column":40},"skip":true},"64":{"start":{"line":283,"column":24},"end":{"line":283,"column":39},"skip":true},"65":{"start":{"line":288,"column":8},"end":{"line":290,"column":9},"skip":true},"66":{"start":{"line":289,"column":12},"end":{"line":289,"column":18},"skip":true},"67":{"start":{"line":291,"column":8},"end":{"line":293,"column":54},"skip":true},"68":{"start":{"line":296,"column":8},"end":{"line":301,"column":37},"skip":true},"69":{"start":{"line":303,"column":8},"end":{"line":303,"column":82},"skip":true},"70":{"start":{"line":306,"column":8},"end":{"line":308,"column":9},"skip":true},"71":{"start":{"line":307,"column":12},"end":{"line":307,"column":82},"skip":true},"72":{"start":{"line":310,"column":8},"end":{"line":312,"column":9},"skip":true},"73":{"start":{"line":311,"column":12},"end":{"line":311,"column":18},"skip":true},"74":{"start":{"line":313,"column":8},"end":{"line":313,"column":54},"skip":true},"75":{"start":{"line":314,"column":8},"end":{"line":314,"column":69},"skip":true},"76":{"start":{"line":315,"column":8},"end":{"line":323,"column":36},"skip":true},"77":{"start":{"line":316,"column":12},"end":{"line":316,"column":61},"skip":true},"78":{"start":{"line":317,"column":12},"end":{"line":320,"column":13},"skip":true},"79":{"start":{"line":318,"column":16},"end":{"line":318,"column":75},"skip":true},"80":{"start":{"line":319,"column":16},"end":{"line":319,"column":23},"skip":true},"81":{"start":{"line":321,"column":12},"end":{"line":321,"column":38},"skip":true},"82":{"start":{"line":322,"column":12},"end":{"line":322,"column":27},"skip":true},"83":{"start":{"line":324,"column":8},"end":{"line":324,"column":14},"skip":true}},"branchMap":{"1":{"line":39,"type":"binary-expr","locations":[{"start":{"line":39,"column":23},"end":{"line":39,"column":62}},{"start":{"line":40,"column":20},"end":{"line":40,"column":70}},{"start":{"line":41,"column":20},"end":{"line":41,"column":71}},{"start":{"line":42,"column":20},"end":{"line":42,"column":29}}]},"2":{"line":44,"type":"binary-expr","locations":[{"start":{"line":44,"column":23},"end":{"line":44,"column":37}},{"start":{"line":45,"column":20},"end":{"line":45,"column":61}},{"start":{"line":46,"column":20},"end":{"line":46,"column":70}},{"start":{"line":47,"column":20},"end":{"line":47,"column":26}}]},"3":{"line":51,"type":"cond-expr","locations":[{"start":{"line":52,"column":14},"end":{"line":52,"column":20}},{"start":{"line":53,"column":14},"end":{"line":53,"column":20}}]},"4":{"line":55,"type":"binary-expr","locations":[{"start":{"line":55,"column":16},"end":{"line":55,"column":44}},{"start":{"line":55,"column":49},"end":{"line":57,"column":43}}]},"5":{"line":55,"type":"cond-expr","locations":[{"start":{"line":56,"column":14},"end":{"line":56,"column":56}},{"start":{"line":57,"column":14},"end":{"line":57,"column":43}}]},"6":{"line":61,"type":"switch","locations":[{"start":{"line":68,"column":4},"end":{"line":150,"column":14},"skip":true},{"start":{"line":156,"column":4},"end":{"line":324,"column":14},"skip":true}]},"7":{"line":70,"type":"if","locations":[{"start":{"line":70,"column":12},"end":{"line":70,"column":12},"skip":true},{"start":{"line":70,"column":12},"end":{"line":70,"column":12},"skip":true}]},"8":{"line":70,"type":"binary-expr","locations":[{"start":{"line":70,"column":16},"end":{"line":70,"column":22},"skip":true},{"start":{"line":70,"column":27},"end":{"line":70,"column":32},"skip":true},{"start":{"line":71,"column":20},"end":{"line":71,"column":39},"skip":true},{"start":{"line":72,"column":20},"end":{"line":72,"column":49},"skip":true},{"start":{"line":73,"column":20},"end":{"line":73,"column":58},"skip":true},{"start":{"line":74,"column":20},"end":{"line":74,"column":69},"skip":true}]},"9":{"line":79,"type":"switch","locations":[{"start":{"line":80,"column":20},"end":{"line":80,"column":33},"skip":true},{"start":{"line":81,"column":20},"end":{"line":83,"column":30},"skip":true},{"start":{"line":84,"column":20},"end":{"line":85,"column":49},"skip":true}]},"10":{"line":89,"type":"switch","locations":[{"start":{"line":90,"column":12},"end":{"line":103,"column":22},"skip":true},{"start":{"line":105,"column":12},"end":{"line":106,"column":22},"skip":true}]},"11":{"line":89,"type":"binary-expr","locations":[{"start":{"line":89,"column":20},"end":{"line":89,"column":25},"skip":true},{"start":{"line":89,"column":29},"end":{"line":89,"column":48},"skip":true},{"start":{"line":89,"column":52},"end":{"line":89,"column":74},"skip":true}]},"12":{"line":92,"type":"if","locations":[{"start":{"line":92,"column":16},"end":{"line":92,"column":16},"skip":true},{"start":{"line":92,"column":16},"end":{"line":92,"column":16},"skip":true}]},"13":{"line":108,"type":"if","locations":[{"start":{"line":108,"column":12},"end":{"line":108,"column":12},"skip":true},{"start":{"line":108,"column":12},"end":{"line":108,"column":12},"skip":true}]},"14":{"line":108,"type":"binary-expr","locations":[{"start":{"line":108,"column":16},"end":{"line":108,"column":61},"skip":true},{"start":{"line":108,"column":66},"end":{"line":108,"column":72},"skip":true},{"start":{"line":108,"column":77},"end":{"line":108,"column":82},"skip":true},{"start":{"line":109,"column":20},"end":{"line":109,"column":39},"skip":true},{"start":{"line":110,"column":20},"end":{"line":110,"column":49},"skip":true},{"start":{"line":111,"column":20},"end":{"line":111,"column":58},"skip":true},{"start":{"line":112,"column":20},"end":{"line":112,"column":68},"skip":true}]},"15":{"line":129,"type":"if","locations":[{"start":{"line":129,"column":16},"end":{"line":129,"column":16},"skip":true},{"start":{"line":129,"column":16},"end":{"line":129,"column":16},"skip":true}]},"16":{"line":134,"type":"cond-expr","locations":[{"start":{"line":135,"column":26},"end":{"line":135,"column":29},"skip":true},{"start":{"line":136,"column":26},"end":{"line":136,"column":54},"skip":true}]},"17":{"line":164,"type":"binary-expr","locations":[{"start":{"line":164,"column":27},"end":{"line":164,"column":43},"skip":true},{"start":{"line":164,"column":47},"end":{"line":164,"column":49},"skip":true}]},"18":{"line":258,"type":"if","locations":[{"start":{"line":258,"column":8},"end":{"line":258,"column":8},"skip":true},{"start":{"line":258,"column":8},"end":{"line":258,"column":8},"skip":true}]},"19":{"line":275,"type":"switch","locations":[{"start":{"line":276,"column":20},"end":{"line":277,"column":64},"skip":true},{"start":{"line":278,"column":20},"end":{"line":279,"column":40},"skip":true},{"start":{"line":280,"column":20},"end":{"line":281,"column":40},"skip":true},{"start":{"line":282,"column":20},"end":{"line":283,"column":39},"skip":true}]},"20":{"line":288,"type":"if","locations":[{"start":{"line":288,"column":8},"end":{"line":288,"column":8},"skip":true},{"start":{"line":288,"column":8},"end":{"line":288,"column":8},"skip":true}]},"21":{"line":288,"type":"binary-expr","locations":[{"start":{"line":288,"column":12},"end":{"line":288,"column":40},"skip":true},{"start":{"line":288,"column":44},"end":{"line":288,"column":67},"skip":true}]},"22":{"line":292,"type":"binary-expr","locations":[{"start":{"line":292,"column":12},"end":{"line":292,"column":50},"skip":true},{"start":{"line":293,"column":12},"end":{"line":293,"column":53},"skip":true}]},"23":{"line":297,"type":"binary-expr","locations":[{"start":{"line":297,"column":12},"end":{"line":297,"column":70},"skip":true},{"start":{"line":298,"column":12},"end":{"line":301,"column":36},"skip":true}]},"24":{"line":303,"type":"binary-expr","locations":[{"start":{"line":303,"column":43},"end":{"line":303,"column":75},"skip":true},{"start":{"line":303,"column":79},"end":{"line":303,"column":81},"skip":true}]},"25":{"line":306,"type":"if","locations":[{"start":{"line":306,"column":8},"end":{"line":306,"column":8},"skip":true},{"start":{"line":306,"column":8},"end":{"line":306,"column":8},"skip":true}]},"26":{"line":310,"type":"if","locations":[{"start":{"line":310,"column":8},"end":{"line":310,"column":8},"skip":true},{"start":{"line":310,"column":8},"end":{"line":310,"column":8},"skip":true}]},"27":{"line":313,"type":"binary-expr","locations":[{"start":{"line":313,"column":27},"end":{"line":313,"column":43},"skip":true},{"start":{"line":313,"column":47},"end":{"line":313,"column":53},"skip":true}]},"28":{"line":317,"type":"if","locations":[{"start":{"line":317,"column":12},"end":{"line":317,"column":12},"skip":true},{"start":{"line":317,"column":12},"end":{"line":317,"column":12},"skip":true}]}},"code":["/*","example.js","","quickstart example","","instruction","    1. save this script as example.js","    2. run the shell command:","        $ npm install npmtest-node-session && PORT=8081 node example.js","    3. play with the browser-demo on http://127.0.0.1:8081","*/","","","","/* istanbul instrument in package npmtest_node_session */","/*jslint","    bitwise: true,","    browser: true,","    maxerr: 8,","    maxlen: 96,","    node: true,","    nomen: true,","    regexp: true,","    stupid: true","*/","(function () {","    'use strict';","    var local;","","","","    // run shared js-env code - pre-init","    (function () {","        // init local","        local = {};","        // init modeJs","        local.modeJs = (function () {","            try {","                return typeof navigator.userAgent === 'string' &&","                    typeof document.querySelector('body') === 'object' &&","                    typeof XMLHttpRequest.prototype.open === 'function' &&","                    'browser';","            } catch (errorCaughtBrowser) {","                return module.exports &&","                    typeof process.versions.node === 'string' &&","                    typeof require('http').createServer === 'function' &&","                    'node';","            }","        }());","        // init global","        local.global = local.modeJs === 'browser'","            ? window","            : global;","        // init utility2_rollup","        local = local.global.utility2_rollup || (local.modeJs === 'browser'","            ? local.global.utility2_npmtest_node_session","            : global.utility2_moduleExports);","        // export local","        local.global.local = local;","    }());","    switch (local.modeJs) {","","","","    // post-init","    // run browser js-env code - post-init","    /* istanbul ignore next */","    case 'browser':","        local.testRunBrowser = function (event) {","            if (!event || (event &&","                    event.currentTarget &&","                    event.currentTarget.className &&","                    event.currentTarget.className.includes &&","                    event.currentTarget.className.includes('onreset'))) {","                // reset output","                Array.from(","                    document.querySelectorAll('body > .resettable')","                ).forEach(function (element) {","                    switch (element.tagName) {","                    case 'INPUT':","                    case 'TEXTAREA':","                        element.value = '';","                        break;","                    default:","                        element.textContent = '';","                    }","                });","            }","            switch (event && event.currentTarget && event.currentTarget.id) {","            case 'testRunButton1':","                // show tests","                if (document.querySelector('#testReportDiv1').style.display === 'none') {","                    document.querySelector('#testReportDiv1').style.display = 'block';","                    document.querySelector('#testRunButton1').textContent =","                        'hide internal test';","                    local.modeTest = true;","                    local.testRunDefault(local);","                // hide tests","                } else {","                    document.querySelector('#testReportDiv1').style.display = 'none';","                    document.querySelector('#testRunButton1').textContent = 'run internal test';","                }","                break;","            // custom-case","            default:","                break;","            }","            if (document.querySelector('#inputTextareaEval1') && (!event || (event &&","                    event.currentTarget &&","                    event.currentTarget.className &&","                    event.currentTarget.className.includes &&","                    event.currentTarget.className.includes('oneval')))) {","                // try to eval input-code","                try {","                    /*jslint evil: true*/","                    eval(document.querySelector('#inputTextareaEval1').value);","                } catch (errorCaught) {","                    console.error(errorCaught);","                }","            }","        };","        // log stderr and stdout to #outputTextareaStdout1","        ['error', 'log'].forEach(function (key) {","            console[key + '_original'] = console[key];","            console[key] = function () {","                var element;","                console[key + '_original'].apply(console, arguments);","                element = document.querySelector('#outputTextareaStdout1');","                if (!element) {","                    return;","                }","                // append text to #outputTextareaStdout1","                element.value += Array.from(arguments).map(function (arg) {","                    return typeof arg === 'string'","                        ? arg","                        : JSON.stringify(arg, null, 4);","                }).join(' ') + '\\n';","                // scroll textarea to bottom","                element.scrollTop = element.scrollHeight;","            };","        });","        // init event-handling","        ['change', 'click', 'keyup'].forEach(function (event) {","            Array.from(document.querySelectorAll('.on' + event)).forEach(function (element) {","                element.addEventListener(event, local.testRunBrowser);","            });","        });","        // run tests","        local.testRunBrowser();","        break;","","","","    // run node js-env code - post-init","    /* istanbul ignore next */","    case 'node':","        // export local","        module.exports = local;","        // require modules","        local.fs = require('fs');","        local.http = require('http');","        local.url = require('url');","        // init assets","        local.assetsDict = local.assetsDict || {};","        /* jslint-ignore-begin */","        local.assetsDict['/assets.index.template.html'] = '\\","<!doctype html>\\n\\","<html lang=\"en\">\\n\\","<head>\\n\\","<meta charset=\"UTF-8\">\\n\\","<meta name=\"viewport\" content=\"width=device-width, initial-scale=1\">\\n\\","<title>{{env.npm_package_name}} (v{{env.npm_package_version}})</title>\\n\\","<style>\\n\\","/*csslint\\n\\","    box-sizing: false,\\n\\","    universal-selector: false\\n\\","*/\\n\\","* {\\n\\","    box-sizing: border-box;\\n\\","}\\n\\","body {\\n\\","    background: #dde;\\n\\","    font-family: Arial, Helvetica, sans-serif;\\n\\","    margin: 2rem;\\n\\","}\\n\\","body > * {\\n\\","    margin-bottom: 1rem;\\n\\","}\\n\\",".utility2FooterDiv {\\n\\","    margin-top: 20px;\\n\\","    text-align: center;\\n\\","}\\n\\","</style>\\n\\","<style>\\n\\","/*csslint\\n\\","*/\\n\\","textarea {\\n\\","    font-family: monospace;\\n\\","    height: 10rem;\\n\\","    width: 100%;\\n\\","}\\n\\","textarea[readonly] {\\n\\","    background: #ddd;\\n\\","}\\n\\","</style>\\n\\","</head>\\n\\","<body>\\n\\","<!-- utility2-comment\\n\\","<div id=\"ajaxProgressDiv1\" style=\"background: #d00; height: 2px; left: 0; margin: 0; padding: 0; position: fixed; top: 0; transition: background 0.5s, width 1.5s; width: 25%;\"></div>\\n\\","utility2-comment -->\\n\\","<h1>\\n\\","<!-- utility2-comment\\n\\","    <a\\n\\","        {{#if env.npm_package_homepage}}\\n\\","        href=\"{{env.npm_package_homepage}}\"\\n\\","        {{/if env.npm_package_homepage}}\\n\\","        target=\"_blank\"\\n\\","    >\\n\\","utility2-comment -->\\n\\","        {{env.npm_package_name}} (v{{env.npm_package_version}})\\n\\","<!-- utility2-comment\\n\\","    </a>\\n\\","utility2-comment -->\\n\\","</h1>\\n\\","<h3>{{env.npm_package_description}}</h3>\\n\\","<!-- utility2-comment\\n\\","<h4><a download href=\"assets.app.js\">download standalone app</a></h4>\\n\\","<button class=\"onclick onreset\" id=\"testRunButton1\">run internal test</button><br>\\n\\","<div id=\"testReportDiv1\" style=\"display: none;\"></div>\\n\\","utility2-comment -->\\n\\","\\n\\","\\n\\","\\n\\","<label>stderr and stdout</label>\\n\\","<textarea class=\"resettable\" id=\"outputTextareaStdout1\" readonly></textarea>\\n\\","<!-- utility2-comment\\n\\","{{#if isRollup}}\\n\\","<script src=\"assets.app.js\"></script>\\n\\","{{#unless isRollup}}\\n\\","utility2-comment -->\\n\\","<script src=\"assets.utility2.rollup.js\"></script>\\n\\","<script src=\"jsonp.utility2._stateInit?callback=window.utility2._stateInit\"></script>\\n\\","<script src=\"assets.npmtest_node_session.rollup.js\"></script>\\n\\","<script src=\"assets.example.js\"></script>\\n\\","<script src=\"assets.test.js\"></script>\\n\\","<!-- utility2-comment\\n\\","{{/if isRollup}}\\n\\","utility2-comment -->\\n\\","<div class=\"utility2FooterDiv\">\\n\\","    [ this app was created with\\n\\","    <a href=\"https://github.com/kaizhu256/node-utility2\" target=\"_blank\">utility2</a>\\n\\","    ]\\n\\","</div>\\n\\","</body>\\n\\","</html>\\n\\","';","        /* jslint-ignore-end */","        if (local.templateRender) {","            local.assetsDict['/'] = local.templateRender(","                local.assetsDict['/assets.index.template.html'],","                {","                    env: local.objectSetDefault(local.env, {","                        npm_package_description: 'the greatest app in the world!',","                        npm_package_name: 'my-app',","                        npm_package_nameAlias: 'my_app',","                        npm_package_version: '0.0.1'","                    })","                }","            );","        } else {","            local.assetsDict['/'] = local.assetsDict['/assets.index.template.html']","                .replace((/\\{\\{env\\.(\\w+?)\\}\\}/g), function (match0, match1) {","                    // jslint-hack","                    String(match0);","                    switch (match1) {","                    case 'npm_package_description':","                        return 'the greatest app in the world!';","                    case 'npm_package_name':","                        return 'my-app';","                    case 'npm_package_nameAlias':","                        return 'my_app';","                    case 'npm_package_version':","                        return '0.0.1';","                    }","                });","        }","        // run the cli","        if (local.global.utility2_rollup || module !== require.main) {","            break;","        }","        local.assetsDict['/assets.example.js'] =","            local.assetsDict['/assets.example.js'] ||","            local.fs.readFileSync(__filename, 'utf8');","        // bug-workaround - long $npm_package_buildCustomOrg","        /* jslint-ignore-begin */","        local.assetsDict['/assets.npmtest_node_session.rollup.js'] =","            local.assetsDict['/assets.npmtest_node_session.rollup.js'] ||","            local.fs.readFileSync(","                local.npmtest_node_session.__dirname + '/lib.npmtest_node_session.js',","                'utf8'","            ).replace((/^#!/), '//');","        /* jslint-ignore-end */","        local.assetsDict['/favicon.ico'] = local.assetsDict['/favicon.ico'] || '';","        // if $npm_config_timeout_exit exists,","        // then exit this process after $npm_config_timeout_exit ms","        if (Number(process.env.npm_config_timeout_exit)) {","            setTimeout(process.exit, Number(process.env.npm_config_timeout_exit));","        }","        // start server","        if (local.global.utility2_serverHttp1) {","            break;","        }","        process.env.PORT = process.env.PORT || '8081';","        console.error('server starting on port ' + process.env.PORT);","        local.http.createServer(function (request, response) {","            request.urlParsed = local.url.parse(request.url);","            if (local.assetsDict[request.urlParsed.pathname] !== undefined) {","                response.end(local.assetsDict[request.urlParsed.pathname]);","                return;","            }","            response.statusCode = 404;","            response.end();","        }).listen(process.env.PORT);","        break;","    }","}());",""],"l":{"26":2,"28":2,"33":2,"35":2,"37":2,"38":2,"39":2,"44":1,"51":2,"55":2,"59":2,"61":2,"69":1,"70":2,"76":2,"79":2,"82":2,"83":2,"85":1,"89":2,"92":1,"93":1,"94":1,"96":1,"97":1,"100":1,"101":1,"103":1,"106":1,"108":2,"114":1,"116":1,"118":1,"123":1,"124":2,"125":2,"126":3,"127":3,"128":3,"129":3,"130":1,"133":3,"134":3,"139":3,"143":1,"144":3,"145":1,"149":1,"150":1,"158":1,"160":1,"161":1,"162":1,"164":1,"166":1,"258":1,"259":1,"271":1,"274":6,"275":6,"277":1,"279":2,"281":1,"283":2,"288":1,"289":1,"291":1,"296":1,"303":1,"306":1,"307":1,"310":1,"311":1,"313":1,"314":1,"315":1,"316":1,"317":1,"318":1,"319":1,"321":1,"322":1,"324":1}},"/home/travis/build/npmtest/node-npmtest-node-session/node_modules/node-session/index.js":{"path":"/home/travis/build/npmtest/node-npmtest-node-session/node_modules/node-session/index.js","s":{"1":1,"2":1,"3":1,"4":1,"5":1,"6":1,"7":1,"8":0,"9":0,"10":0,"11":0,"12":0,"13":0,"14":0,"15":1,"16":0,"17":0,"18":0,"19":0,"20":0,"21":0,"22":0,"23":0,"24":0,"25":0,"26":0,"27":0,"28":0,"29":0,"30":0,"31":1,"32":0,"33":0,"34":0,"35":1,"36":0,"37":0,"38":0,"39":0,"40":1,"41":0,"42":0,"43":0,"44":0,"45":0,"46":0,"47":0,"48":1,"49":0,"50":0,"51":1,"52":0,"53":0,"54":1,"55":0,"56":0,"57":1,"58":0,"59":1,"60":0,"61":0,"62":0,"63":0,"64":0,"65":0,"66":0,"67":0,"68":0,"69":0,"70":0,"71":0,"72":0,"73":0,"74":0,"75":0,"76":0,"77":0,"78":0,"79":0,"80":0,"81":1,"82":0,"83":0,"84":0,"85":0,"86":0,"87":0,"88":0,"89":0,"90":0,"91":1,"92":0,"93":0,"94":0,"95":0,"96":0,"97":0,"98":0,"99":0,"100":0,"101":0,"102":0,"103":0,"104":0,"105":0,"106":1,"107":0,"108":1,"109":0,"110":1},"b":{"1":[0,0],"2":[0,0],"3":[0,0],"4":[0,0],"5":[0,0],"6":[0,0],"7":[0,0],"8":[0,0],"9":[0,0],"10":[0,0],"11":[0,0],"12":[0,0],"13":[0,0],"14":[0,0],"15":[0,0],"16":[0,0],"17":[0,0],"18":[0,0],"19":[0,0],"20":[0,0],"21":[0,0],"22":[0,0],"23":[0,0],"24":[0,0],"25":[0,0,0],"26":[0,0],"27":[0,0],"28":[0,0],"29":[0,0],"30":[0,0],"31":[0,0],"32":[0,0],"33":[0,0]},"f":{"1":0,"2":0,"3":0,"4":0,"5":0,"6":0,"7":0,"8":0,"9":0,"10":0,"11":0,"12":0,"13":0,"14":0,"15":0,"16":0,"17":0,"18":0,"19":0},"fnMap":{"1":{"name":"NodeSession","line":23,"loc":{"start":{"line":23,"column":0},"end":{"line":23,"column":40}}},"2":{"name":"(anonymous_2)","line":71,"loc":{"start":{"line":71,"column":37},"end":{"line":71,"column":76}}},"3":{"name":"(anonymous_3)","line":77,"loc":{"start":{"line":77,"column":24},"end":{"line":77,"column":36}}},"4":{"name":"(anonymous_4)","line":82,"loc":{"start":{"line":82,"column":19},"end":{"line":82,"column":31}}},"5":{"name":"(anonymous_5)","line":91,"loc":{"start":{"line":91,"column":45},"end":{"line":91,"column":60}}},"6":{"name":"(anonymous_6)","line":111,"loc":{"start":{"line":111,"column":39},"end":{"line":111,"column":68}}},"7":{"name":"(anonymous_7)","line":112,"loc":{"start":{"line":112,"column":29},"end":{"line":112,"column":47}}},"8":{"name":"(anonymous_8)","line":125,"loc":{"start":{"line":125,"column":35},"end":{"line":125,"column":64}}},"9":{"name":"(anonymous_9)","line":127,"loc":{"start":{"line":127,"column":32},"end":{"line":127,"column":49}}},"10":{"name":"(anonymous_10)","line":141,"loc":{"start":{"line":141,"column":46},"end":{"line":141,"column":75}}},"11":{"name":"(anonymous_11)","line":174,"loc":{"start":{"line":174,"column":44},"end":{"line":174,"column":56}}},"12":{"name":"(anonymous_12)","line":187,"loc":{"start":{"line":187,"column":39},"end":{"line":187,"column":68}}},"13":{"name":"(anonymous_13)","line":199,"loc":{"start":{"line":199,"column":41},"end":{"line":199,"column":60}}},"14":{"name":"(anonymous_14)","line":214,"loc":{"start":{"line":214,"column":44},"end":{"line":214,"column":56}}},"15":{"name":"(anonymous_15)","line":228,"loc":{"start":{"line":228,"column":36},"end":{"line":228,"column":85}}},"16":{"name":"(anonymous_16)","line":280,"loc":{"start":{"line":280,"column":35},"end":{"line":280,"column":54}}},"17":{"name":"(anonymous_17)","line":312,"loc":{"start":{"line":312,"column":36},"end":{"line":312,"column":61}}},"18":{"name":"(anonymous_18)","line":351,"loc":{"start":{"line":351,"column":39},"end":{"line":351,"column":54}}},"19":{"name":"(anonymous_19)","line":360,"loc":{"start":{"line":360,"column":37},"end":{"line":360,"column":58}}}},"statementMap":{"1":{"start":{"line":9,"column":0},"end":{"line":9,"column":53}},"2":{"start":{"line":10,"column":0},"end":{"line":10,"column":38}},"3":{"start":{"line":11,"column":0},"end":{"line":11,"column":26}},"4":{"start":{"line":12,"column":0},"end":{"line":12,"column":44}},"5":{"start":{"line":13,"column":0},"end":{"line":13,"column":31}},"6":{"start":{"line":14,"column":0},"end":{"line":14,"column":33}},"7":{"start":{"line":23,"column":0},"end":{"line":62,"column":1}},"8":{"start":{"line":24,"column":4},"end":{"line":38,"column":6}},"9":{"start":{"line":46,"column":4},"end":{"line":46,"column":46}},"10":{"start":{"line":48,"column":4},"end":{"line":50,"column":5}},"11":{"start":{"line":49,"column":8},"end":{"line":49,"column":80}},"12":{"start":{"line":57,"column":4},"end":{"line":57,"column":66}},"13":{"start":{"line":59,"column":4},"end":{"line":61,"column":5}},"14":{"start":{"line":60,"column":8},"end":{"line":60,"column":63}},"15":{"start":{"line":71,"column":0},"end":{"line":102,"column":2}},"16":{"start":{"line":72,"column":4},"end":{"line":72,"column":20}},"17":{"start":{"line":73,"column":4},"end":{"line":73,"column":27}},"18":{"start":{"line":74,"column":4},"end":{"line":74,"column":22}},"19":{"start":{"line":77,"column":4},"end":{"line":79,"column":7}},"20":{"start":{"line":78,"column":8},"end":{"line":78,"column":54}},"21":{"start":{"line":82,"column":4},"end":{"line":98,"column":6}},"22":{"start":{"line":83,"column":8},"end":{"line":83,"column":37}},"23":{"start":{"line":85,"column":8},"end":{"line":87,"column":9}},"24":{"start":{"line":86,"column":12},"end":{"line":86,"column":25}},"25":{"start":{"line":89,"column":8},"end":{"line":89,"column":21}},"26":{"start":{"line":91,"column":8},"end":{"line":96,"column":11}},"27":{"start":{"line":92,"column":12},"end":{"line":94,"column":13}},"28":{"start":{"line":93,"column":16},"end":{"line":93,"column":26}},"29":{"start":{"line":95,"column":12},"end":{"line":95,"column":46}},"30":{"start":{"line":101,"column":4},"end":{"line":101,"column":43}},"31":{"start":{"line":111,"column":0},"end":{"line":117,"column":2}},"32":{"start":{"line":112,"column":4},"end":{"line":116,"column":7}},"33":{"start":{"line":113,"column":8},"end":{"line":113,"column":34}},"34":{"start":{"line":115,"column":8},"end":{"line":115,"column":32}},"35":{"start":{"line":125,"column":0},"end":{"line":132,"column":2}},"36":{"start":{"line":126,"column":4},"end":{"line":126,"column":20}},"37":{"start":{"line":127,"column":4},"end":{"line":131,"column":7}},"38":{"start":{"line":128,"column":8},"end":{"line":128,"column":68}},"39":{"start":{"line":130,"column":8},"end":{"line":130,"column":26}},"40":{"start":{"line":141,"column":0},"end":{"line":166,"column":2}},"41":{"start":{"line":142,"column":4},"end":{"line":142,"column":31}},"42":{"start":{"line":143,"column":4},"end":{"line":143,"column":34}},"43":{"start":{"line":144,"column":4},"end":{"line":144,"column":44}},"44":{"start":{"line":145,"column":4},"end":{"line":151,"column":6}},"45":{"start":{"line":155,"column":4},"end":{"line":157,"column":5}},"46":{"start":{"line":156,"column":8},"end":{"line":156,"column":29}},"47":{"start":{"line":159,"column":4},"end":{"line":165,"column":6}},"48":{"start":{"line":174,"column":0},"end":{"line":178,"column":2}},"49":{"start":{"line":175,"column":4},"end":{"line":175,"column":31}},"50":{"start":{"line":177,"column":4},"end":{"line":177,"column":54}},"51":{"start":{"line":187,"column":0},"end":{"line":191,"column":2}},"52":{"start":{"line":188,"column":4},"end":{"line":188,"column":27}},"53":{"start":{"line":190,"column":4},"end":{"line":190,"column":35}},"54":{"start":{"line":199,"column":0},"end":{"line":206,"column":2}},"55":{"start":{"line":203,"column":4},"end":{"line":205,"column":5}},"56":{"start":{"line":204,"column":8},"end":{"line":204,"column":83}},"57":{"start":{"line":214,"column":0},"end":{"line":216,"column":2}},"58":{"start":{"line":215,"column":4},"end":{"line":215,"column":85}},"59":{"start":{"line":228,"column":0},"end":{"line":271,"column":2}},"60":{"start":{"line":229,"column":4},"end":{"line":229,"column":35}},"61":{"start":{"line":232,"column":4},"end":{"line":270,"column":5}},"62":{"start":{"line":233,"column":8},"end":{"line":233,"column":42}},"63":{"start":{"line":234,"column":8},"end":{"line":234,"column":36}},"64":{"start":{"line":236,"column":8},"end":{"line":238,"column":9}},"65":{"start":{"line":237,"column":12},"end":{"line":237,"column":80}},"66":{"start":{"line":240,"column":8},"end":{"line":242,"column":9}},"67":{"start":{"line":241,"column":12},"end":{"line":241,"column":33}},"68":{"start":{"line":244,"column":8},"end":{"line":246,"column":9}},"69":{"start":{"line":245,"column":12},"end":{"line":245,"column":45}},"70":{"start":{"line":248,"column":8},"end":{"line":250,"column":9}},"71":{"start":{"line":249,"column":12},"end":{"line":249,"column":53}},"72":{"start":{"line":252,"column":8},"end":{"line":255,"column":9}},"73":{"start":{"line":253,"column":12},"end":{"line":253,"column":68}},"74":{"start":{"line":254,"column":12},"end":{"line":254,"column":35}},"75":{"start":{"line":257,"column":8},"end":{"line":259,"column":9}},"76":{"start":{"line":258,"column":12},"end":{"line":258,"column":31}},"77":{"start":{"line":261,"column":8},"end":{"line":261,"column":69}},"78":{"start":{"line":264,"column":8},"end":{"line":264,"column":58}},"79":{"start":{"line":265,"column":8},"end":{"line":267,"column":32}},"80":{"start":{"line":269,"column":8},"end":{"line":269,"column":49}},"81":{"start":{"line":280,"column":0},"end":{"line":304,"column":2}},"82":{"start":{"line":281,"column":4},"end":{"line":281,"column":14}},"83":{"start":{"line":284,"column":4},"end":{"line":288,"column":5}},"84":{"start":{"line":285,"column":8},"end":{"line":285,"column":23}},"85":{"start":{"line":287,"column":8},"end":{"line":287,"column":23}},"86":{"start":{"line":290,"column":4},"end":{"line":301,"column":5}},"87":{"start":{"line":296,"column":8},"end":{"line":296,"column":64}},"88":{"start":{"line":297,"column":8},"end":{"line":297,"column":40}},"89":{"start":{"line":298,"column":8},"end":{"line":300,"column":52}},"90":{"start":{"line":303,"column":4},"end":{"line":303,"column":29}},"91":{"start":{"line":312,"column":0},"end":{"line":342,"column":2}},"92":{"start":{"line":315,"column":4},"end":{"line":317,"column":5}},"93":{"start":{"line":316,"column":8},"end":{"line":316,"column":43}},"94":{"start":{"line":319,"column":4},"end":{"line":319,"column":40}},"95":{"start":{"line":320,"column":4},"end":{"line":320,"column":12}},"96":{"start":{"line":321,"column":4},"end":{"line":321,"column":12}},"97":{"start":{"line":324,"column":4},"end":{"line":339,"column":5}},"98":{"start":{"line":325,"column":8},"end":{"line":325,"column":43}},"99":{"start":{"line":327,"column":8},"end":{"line":327,"column":28}},"100":{"start":{"line":329,"column":8},"end":{"line":338,"column":9}},"101":{"start":{"line":330,"column":12},"end":{"line":337,"column":13}},"102":{"start":{"line":331,"column":16},"end":{"line":331,"column":56}},"103":{"start":{"line":333,"column":16},"end":{"line":336,"column":17}},"104":{"start":{"line":335,"column":20},"end":{"line":335,"column":36}},"105":{"start":{"line":341,"column":4},"end":{"line":341,"column":15}},"106":{"start":{"line":351,"column":0},"end":{"line":353,"column":2}},"107":{"start":{"line":352,"column":4},"end":{"line":352,"column":55}},"108":{"start":{"line":360,"column":0},"end":{"line":362,"column":2}},"109":{"start":{"line":361,"column":4},"end":{"line":361,"column":43}},"110":{"start":{"line":365,"column":0},"end":{"line":365,"column":29}}},"branchMap":{"1":{"line":48,"type":"if","locations":[{"start":{"line":48,"column":4},"end":{"line":48,"column":4}},{"start":{"line":48,"column":4},"end":{"line":48,"column":4}}]},"2":{"line":48,"type":"binary-expr","locations":[{"start":{"line":48,"column":7},"end":{"line":48,"column":31}},{"start":{"line":48,"column":35},"end":{"line":48,"column":62}}]},"3":{"line":59,"type":"if","locations":[{"start":{"line":59,"column":4},"end":{"line":59,"column":4}},{"start":{"line":59,"column":4},"end":{"line":59,"column":4}}]},"4":{"line":85,"type":"if","locations":[{"start":{"line":85,"column":8},"end":{"line":85,"column":8}},{"start":{"line":85,"column":8},"end":{"line":85,"column":8}}]},"5":{"line":92,"type":"if","locations":[{"start":{"line":92,"column":12},"end":{"line":92,"column":12}},{"start":{"line":92,"column":12},"end":{"line":92,"column":12}}]},"6":{"line":155,"type":"if","locations":[{"start":{"line":155,"column":4},"end":{"line":155,"column":4}},{"start":{"line":155,"column":4},"end":{"line":155,"column":4}}]},"7":{"line":177,"type":"cond-expr","locations":[{"start":{"line":177,"column":34},"end":{"line":177,"column":35}},{"start":{"line":177,"column":38},"end":{"line":177,"column":53}}]},"8":{"line":203,"type":"if","locations":[{"start":{"line":203,"column":4},"end":{"line":203,"column":4}},{"start":{"line":203,"column":4},"end":{"line":203,"column":4}}]},"9":{"line":204,"type":"binary-expr","locations":[{"start":{"line":204,"column":8},"end":{"line":204,"column":31}},{"start":{"line":204,"column":35},"end":{"line":204,"column":82}}]},"10":{"line":232,"type":"if","locations":[{"start":{"line":232,"column":4},"end":{"line":232,"column":4}},{"start":{"line":232,"column":4},"end":{"line":232,"column":4}}]},"11":{"line":232,"type":"binary-expr","locations":[{"start":{"line":232,"column":10},"end":{"line":232,"column":24}},{"start":{"line":232,"column":28},"end":{"line":232,"column":53}}]},"12":{"line":236,"type":"if","locations":[{"start":{"line":236,"column":8},"end":{"line":236,"column":8}},{"start":{"line":236,"column":8},"end":{"line":236,"column":8}}]},"13":{"line":236,"type":"binary-expr","locations":[{"start":{"line":236,"column":12},"end":{"line":236,"column":18}},{"start":{"line":236,"column":22},"end":{"line":236,"column":29}}]},"14":{"line":240,"type":"if","locations":[{"start":{"line":240,"column":8},"end":{"line":240,"column":8}},{"start":{"line":240,"column":8},"end":{"line":240,"column":8}}]},"15":{"line":244,"type":"if","locations":[{"start":{"line":244,"column":8},"end":{"line":244,"column":8}},{"start":{"line":244,"column":8},"end":{"line":244,"column":8}}]},"16":{"line":248,"type":"if","locations":[{"start":{"line":248,"column":8},"end":{"line":248,"column":8}},{"start":{"line":248,"column":8},"end":{"line":248,"column":8}}]},"17":{"line":252,"type":"if","locations":[{"start":{"line":252,"column":8},"end":{"line":252,"column":8}},{"start":{"line":252,"column":8},"end":{"line":252,"column":8}}]},"18":{"line":257,"type":"if","locations":[{"start":{"line":257,"column":8},"end":{"line":257,"column":8}},{"start":{"line":257,"column":8},"end":{"line":257,"column":8}}]},"19":{"line":264,"type":"binary-expr","locations":[{"start":{"line":264,"column":19},"end":{"line":264,"column":51}},{"start":{"line":264,"column":55},"end":{"line":264,"column":57}}]},"20":{"line":265,"type":"cond-expr","locations":[{"start":{"line":265,"column":43},"end":{"line":265,"column":65}},{"start":{"line":266,"column":14},"end":{"line":267,"column":31}}]},"21":{"line":266,"type":"cond-expr","locations":[{"start":{"line":266,"column":41},"end":{"line":266,"column":65}},{"start":{"line":267,"column":14},"end":{"line":267,"column":31}}]},"22":{"line":284,"type":"if","locations":[{"start":{"line":284,"column":4},"end":{"line":284,"column":4}},{"start":{"line":284,"column":4},"end":{"line":284,"column":4}}]},"23":{"line":284,"type":"binary-expr","locations":[{"start":{"line":284,"column":8},"end":{"line":284,"column":26}},{"start":{"line":284,"column":30},"end":{"line":284,"column":58}}]},"24":{"line":290,"type":"if","locations":[{"start":{"line":290,"column":4},"end":{"line":290,"column":4}},{"start":{"line":290,"column":4},"end":{"line":290,"column":4}}]},"25":{"line":290,"type":"binary-expr","locations":[{"start":{"line":290,"column":8},"end":{"line":290,"column":32}},{"start":{"line":291,"column":8},"end":{"line":291,"column":34}},{"start":{"line":292,"column":8},"end":{"line":292,"column":71}}]},"26":{"line":296,"type":"binary-expr","locations":[{"start":{"line":296,"column":21},"end":{"line":296,"column":57}},{"start":{"line":296,"column":61},"end":{"line":296,"column":63}}]},"27":{"line":298,"type":"binary-expr","locations":[{"start":{"line":298,"column":17},"end":{"line":300,"column":41}},{"start":{"line":300,"column":46},"end":{"line":300,"column":51}}]},"28":{"line":298,"type":"cond-expr","locations":[{"start":{"line":299,"column":14},"end":{"line":299,"column":58}},{"start":{"line":300,"column":14},"end":{"line":300,"column":41}}]},"29":{"line":315,"type":"if","locations":[{"start":{"line":315,"column":4},"end":{"line":315,"column":4}},{"start":{"line":315,"column":4},"end":{"line":315,"column":4}}]},"30":{"line":324,"type":"if","locations":[{"start":{"line":324,"column":4},"end":{"line":324,"column":4}},{"start":{"line":324,"column":4},"end":{"line":324,"column":4}}]},"31":{"line":329,"type":"if","locations":[{"start":{"line":329,"column":8},"end":{"line":329,"column":8}},{"start":{"line":329,"column":8},"end":{"line":329,"column":8}}]},"32":{"line":330,"type":"if","locations":[{"start":{"line":330,"column":12},"end":{"line":330,"column":12}},{"start":{"line":330,"column":12},"end":{"line":330,"column":12}}]},"33":{"line":333,"type":"if","locations":[{"start":{"line":333,"column":16},"end":{"line":333,"column":16}},{"start":{"line":333,"column":16},"end":{"line":333,"column":16}}]}},"code":["/**"," * index.js"," *"," * @author: Harish Anchu <harishanchu@gmail.com>"," * @copyright 2015, Harish Anchu. All rights reserved."," * @license Licensed under MIT"," */","","var SessionManager = require('./lib/SessionManager');","var onHeaders = require('on-headers');","var _ = require('lodash');","var signature = require('cookie-signature');","var cookie = require('cookie');","var util = require('./lib/util');","","/**"," * Create a new NodeSession instance"," *"," * @param {Object} config - session configuration object"," * @param {Object | void} encrypter"," * @constructor"," */","function NodeSession(config, encrypter) {","    var defaults = {","        'driver': 'file',","        'lifetime': 300000, // five minutes","        'expireOnClose': false,","        'files': process.cwd()+'/sessions',","        'connection': false,","        'table': 'sessions',","        'lottery': [2, 100],","        'cookie': 'node_session',","        'path': '/',","        'domain': null,","        'secure': false,","        'httpOnly': true,","        'encrypt': false","    };","","    /**","     * The Session configuration","     *","     * @type {Object}","     * @private","     */","    this.__config = _.merge(defaults, config);","","    if(this.__config.trustProxy && !this.__config.trustProxyFn) {","        this.__config.trustProxyFn = util.compileTrust(this.__config.trustProxy)","    }","","    /**","     * The session manager instance","     * @type {SessionManager}","     * @private","     */","    this.__manager = new SessionManager(this.__config, encrypter);","","    if (!this.__config.secret) {","        throw new Error('secret option required for sessions');","    }","}","","/**"," * Start session for a given http request - response"," *"," * @param {Object} request - http request object"," * @param {Object} response - http response object"," * @param {function} callback"," */","NodeSession.prototype.startSession = function (request, response, callback) {","    var self = this;","    var end = response.end;","    var ended = false;","","    // Set cookie to response headers before headers are sent","    onHeaders(response, function () {","        self.__addCookieToResponse(request, response);","    });","","    // Proxy response.end to close session before request end","    response.end = function () {","        var endArguments = arguments;","","        if (ended) {","            return false;","        }","","        ended = true;","","        self.__closeSession(request.session, function (err) {","            if(err) {","                throw err;","            }","            end.apply(response, endArguments);","        });","","    };","","    // start the session for the request","    this.__startSession(request, callback);","};","","/**"," * Start the session for the given request."," *"," * @param {Object} request - http request object"," * @param {function} callback"," * @private"," */","NodeSession.prototype.__startSession = function (request, callback) {","    this.getSession(request, function(session) {","        request.session = session;","","        session.start(callback);","    });","};","","/**"," * Get the session implementation from the manager."," *"," * @param {Object} request - http request object"," * @param {function} callback - callback to return session object"," */","NodeSession.prototype.getSession = function (request, callback) {","    var self = this;","    this.__manager.driver(null, function(session){","        session.setId(self.__getCookie(request, session.getName()));","","        callback(session);","    });","};","","/**"," * Add the session cookie to the application response."," *"," * @param {Object} request - http request object"," * @param {Object} response - http response object"," * @private"," */","NodeSession.prototype.__addCookieToResponse = function (request, response) {","    var config = this.__config;","    var session = request.session;","    var maxAge = this.__getCookieLifetime();","    var data = {","        signed: true,","        path: config.path,","        domain: config.domain,","        secure: config.secure,","        httpOnly: config.httpOnly","    };","","    // maxAge = 0 => cookie expire on browser close.","    // so no need to set maxAge.","    if (maxAge !== 0) {","        data.maxAge = maxAge;","    }","","    this.__setCookie(","        request,","        response,","        session.getName(),","        session.getId(),","        data","    );","};","","/**"," * Get the cookie lifetime in seconds."," *"," * @return {Number}"," * @private"," */","NodeSession.prototype.__getCookieLifetime = function () {","    var config = this.__config;","","    return config.expireOnClose ? 0 : config.lifetime;","};","","/**"," * Closes the given session."," *"," * @param {Object} session - the session object"," * @param {function} callback"," * @private"," */","NodeSession.prototype.__closeSession = function (session, callback) {","    session.save(callback);","    //@todo: note callback is executed after save, not waiting for garbage collection to complete","    this.__collectGarbage(session);","};","","/**"," * Remove the garbage from the session if necessary."," *"," * @param {Object} session - the session object"," * @private"," */","NodeSession.prototype.__collectGarbage = function (session) {","    // Here we will see if this request hits the garbage collection lottery by hitting","    // the odds needed to perform garbage collection on any given request. If we do","    // hit it, we'll call this handler to let it delete all the expired sessions.","    if (this.__configHitsLottery()) {","        session.getHandler().gc && session.getHandler().gc(this.__config.lifetime);","    }","};","","/**"," * Determine if the configuration odds hit the lottery."," *"," * @return {Boolean}"," * @private"," */","NodeSession.prototype.__configHitsLottery = function () {","    return (_.random(1, this.__config['lottery'][1]) <= this.__config['lottery'][0]);","};","","/**"," * Add session cookie to response"," *"," * @param {Object} request - http request object"," * @param {Object} response - http response object"," * @param {String} name - cookie name"," * @param {*} val - cookie value"," * @param {*} options"," * @private"," */","NodeSession.prototype.__setCookie = function (request, response, name, val, options) {","    options = _.merge({}, options);","","    // only send secure cookies via https","    if (!(options.secure && !this.__isSecure(request))) {","        var secret = this.__config.secret;","        var signed = options.signed;","","        if (signed && !secret) {","            throw new Error('An encryption key is required for signed cookies');","        }","","        if ('number' == typeof val) {","            val = val.toString();","        }","","        if ('object' == typeof val) {","            val = 'j:' + JSON.stringify(val);","        }","","        if (signed) {","            val = 's:' + signature.sign(val, secret);","        }","","        if ('maxAge' in options) {","            options.expires = new Date(Date.now() + options.maxAge);","            options.maxAge /= 1000;","        }","","        if (null == options.path) {","            options.path = '/';","        }","","        var headerVal = cookie.serialize(name, String(val), options);","","        // supports multiple 'setCookie' calls by getting previous value","        var prev = response.getHeader('set-cookie') || [];","        var header = Array.isArray(prev) ? prev.concat(headerVal)","            : Array.isArray(headerVal) ? [prev].concat(headerVal)","            : [prev, headerVal];","","        response.setHeader('set-cookie', header);","    }","};","","/**"," * Check whether request is secure"," *"," * @param {Object} request - http request object"," * @return {boolean}"," * @private"," */","NodeSession.prototype.__isSecure = function (request) {","    var proto;","","    // socket is https server","    if (request.connection && request.connection.encrypted) {","        proto = 'https'","    } else {","        proto = 'http';","    }","","    if (this.__config.trustProxy &&","        this.__config.trustProxyFn &&","        this.__config.trustProxyFn(request.connection.remoteAddress, 0)) {","        // Note: X-Forwarded-Proto is normally only ever a","        //       single value, but this is to be safe.","        // read the proto from x-forwarded-proto header","        var header = request.headers['x-forwarded-proto'] || '';","        var index = header.indexOf(',');","        proto = (index !== -1","            ? header.substr(0, index).toLowerCase().trim()","            : header.toLowerCase().trim()) || proto;","    }","","    return proto === 'https';","};","","/**"," * Get the session ID cookie from request."," *"," * @return {string} session id"," * @private"," */","NodeSession.prototype.__getCookie = function (request, name) {","    // if signed cookie is already present in request(means cookie","    // parsing is already done), we will use it straight.","    if (request.signedCookies) {","        return request.signedCookies[name];","    }","","    var header = request.headers.cookie;","    var raw;","    var val;","","    // read from cookie header","    if (header) {","        var cookies = cookie.parse(header);","","        raw = cookies[name];","","        if (raw) {","            if (raw.substr(0, 2) === 's:') {","                val = this.__unsignCookie(raw.slice(2));","","                if (val === false) {","                    //console.error('cookie signature invalid');","                    val = undefined;","                }","            }","        }","    }","","    return val;","};","","/**"," * Unsign a cookie value"," *"," * @param {String} val"," * @returns {String|Boolean}"," * @private"," */","NodeSession.prototype.__unsignCookie = function (val) {","    return signature.unsign(val, this.__config.secret);","};","","/**"," * Update session manager encrypter service."," *"," * @param {Object} encrypter"," */","NodeSession.prototype.setEncrypter = function (encrypter) {","    this.__manager.setEncrypter(encrypter);","};","","","module.exports = NodeSession;"],"l":{"9":1,"10":1,"11":1,"12":1,"13":1,"14":1,"23":1,"24":0,"46":0,"48":0,"49":0,"57":0,"59":0,"60":0,"71":1,"72":0,"73":0,"74":0,"77":0,"78":0,"82":0,"83":0,"85":0,"86":0,"89":0,"91":0,"92":0,"93":0,"95":0,"101":0,"111":1,"112":0,"113":0,"115":0,"125":1,"126":0,"127":0,"128":0,"130":0,"141":1,"142":0,"143":0,"144":0,"145":0,"155":0,"156":0,"159":0,"174":1,"175":0,"177":0,"187":1,"188":0,"190":0,"199":1,"203":0,"204":0,"214":1,"215":0,"228":1,"229":0,"232":0,"233":0,"234":0,"236":0,"237":0,"240":0,"241":0,"244":0,"245":0,"248":0,"249":0,"252":0,"253":0,"254":0,"257":0,"258":0,"261":0,"264":0,"265":0,"269":0,"280":1,"281":0,"284":0,"285":0,"287":0,"290":0,"296":0,"297":0,"298":0,"303":0,"312":1,"315":0,"316":0,"319":0,"320":0,"321":0,"324":0,"325":0,"327":0,"329":0,"330":0,"331":0,"333":0,"335":0,"341":0,"351":1,"352":0,"360":1,"361":0,"365":1}},"/home/travis/build/npmtest/node-npmtest-node-session/node_modules/node-session/lib/SessionManager.js":{"path":"/home/travis/build/npmtest/node-npmtest-node-session/node_modules/node-session/lib/SessionManager.js","s":{"1":1,"2":1,"3":1,"4":1,"5":1,"6":1,"7":1,"8":0,"9":0,"10":0,"11":0,"12":0,"13":1,"14":0,"15":1,"16":0,"17":0,"18":1,"19":0,"20":0,"21":0,"22":0,"23":0,"24":0,"25":1,"26":0,"27":1,"28":0,"29":0,"30":1,"31":0,"32":1,"33":0,"34":1,"35":0,"36":0,"37":1,"38":0,"39":0,"40":0,"41":1,"42":0,"43":0,"44":0,"45":0,"46":0,"47":0,"48":1,"49":0,"50":0,"51":0,"52":0,"53":0,"54":0,"55":0,"56":0,"57":0,"58":0,"59":0,"60":0,"61":0,"62":0,"63":1,"64":0,"65":0,"66":0,"67":1,"68":0,"69":1},"b":{"1":[0,0],"2":[0,0],"3":[0,0],"4":[0,0],"5":[0,0],"6":[0,0]},"f":{"1":0,"2":0,"3":0,"4":0,"5":0,"6":0,"7":0,"8":0,"9":0,"10":0,"11":0,"12":0,"13":0,"14":0,"15":0,"16":0,"17":0,"18":0},"fnMap":{"1":{"name":"SessionManager","line":24,"loc":{"start":{"line":24,"column":0},"end":{"line":24,"column":43}}},"2":{"name":"(anonymous_2)","line":71,"loc":{"start":{"line":71,"column":44},"end":{"line":71,"column":56}}},"3":{"name":"(anonymous_3)","line":80,"loc":{"start":{"line":80,"column":34},"end":{"line":80,"column":62}}},"4":{"name":"(anonymous_4)","line":94,"loc":{"start":{"line":94,"column":42},"end":{"line":94,"column":70}}},"5":{"name":"(anonymous_5)","line":116,"loc":{"start":{"line":116,"column":47},"end":{"line":116,"column":75}}},"6":{"name":"(anonymous_6)","line":127,"loc":{"start":{"line":127,"column":43},"end":{"line":127,"column":69}}},"7":{"name":"(anonymous_7)","line":139,"loc":{"start":{"line":139,"column":48},"end":{"line":139,"column":68}}},"8":{"name":"(anonymous_8)","line
[...]
olumn":4}}]},"14":{"line":427,"type":"cond-expr","locations":[{"start":{"line":427,"column":29},"end":{"line":427,"column":33}},{"start":{"line":427,"column":36},"end":{"line":427,"column":73}}]},"15":{"line":451,"type":"if","locations":[{"start":{"line":451,"column":4},"end":{"line":451,"column":4}},{"start":{"line":451,"column":4},"end":{"line":451,"column":4}}]}},"code":["/**"," * Store.js"," *"," * @author: Harish Anchu <harishanchu@gmail.com>"," * @copyright 2015, Harish Anchu. All rights reserved."," * @license Licensed under MIT"," */","","var uid = require('uid-safe').sync;","var _ = require('lodash');","var dotAccess = require('dot-access');","var util = require('./../util');","","/**"," * Create a new session instance."," *"," * @param  {String} name"," * @param  {Object} handler"," * @param  {String|null} id"," */","function Store(name, handler, id) {","    this.setId(id);","    this.__name = name;","    this.__handler = handler;","","    /**","     * The session attributes.","     *","     * @var {Object}","     * @protected","     */","    this.__attributes = {};","","    /**","     * Session store started status.","     *","     * @var {Boolean}","     */","    this.__started = false;","}","","/**"," * Returns the session ID."," *"," * @return {String} The session ID."," */","Store.prototype.setId = function (id) {","    if (!this.__isValidId(id)) {","        id = this.__generateSessionId();","    }","","    this.__id = id;","};","","/**"," * Determine if given id is a valid session ID."," *"," * @param  {String}  id"," * @return {Boolean}"," * @protected"," */","Store.prototype.__isValidId = function (id) {","    return typeof id === 'string' && /^[A-Za-z0-9-_]{40}$/.test(id);","};","","/**"," * Get a new, random session ID."," *"," * @return {String}"," * @protected"," */","Store.prototype.__generateSessionId = function () {","    return uid(30);","};","","/**"," * Returns the session name."," *"," * @return {String} The session name."," */","Store.prototype.getName = function () {","    return this.__name;","};","","/**"," * Starts the session storage."," *"," * @return {Boolean} True if session started."," * @throws Error If session fails to start."," */","Store.prototype.start = function (callback) {","    var self = this;","","    this.__loadSession(function () {","        if (!self.__attributes['_token']) {","            self.regenerateToken();","        }","","        self.__started = true;","","        callback();","    });","};","","/**"," * Checks if an attribute is defined."," *"," * @param {string} name The attribute name"," * @return {Boolean} true if the attribute is defined, false otherwise"," */","Store.prototype.has = function (name) {","    return this.get(name) != undefined;","};","","/**"," * Load the session data from the handler."," *"," * @param {function} callback"," * @protected"," */","Store.prototype.__loadSession = function (callback) {","    var self = this;","","    this.__readFromHandler(function (data) {","        self.__attributes = _.merge(self.__attributes, data);","        callback();","    });","","};","","/**"," * Read the session data from the handler."," *"," * @param {function} callback"," */","Store.prototype.__readFromHandler = function (callback) {","    var self = this;","","    this.__handler.read(this.getId(), function afterRead(data) {","        if (data) {","            try {","                data = JSON.parse(self.__prepareForParse(data));","            } catch (e) {","","            }","        }","","        callback(data ? data : {});","    });","};","","/**"," * Prepare the raw string data from the session for JSON parse."," *"," * @param  {String} data"," * @return {String}"," */","Store.prototype.__prepareForParse = function (data) {","    return data;","};","","","/**"," * Returns the session ID."," *"," * @return {String} The session ID."," */","Store.prototype.getId = function () {","    return this.__id;","};","","/**"," * Get the value of a given key and then forget it."," *"," * @param  {String}  key"," * @param  {*}  defaultValue"," * @return {*}"," */","Store.prototype.pull = function (key, defaultValue) {","    if (defaultValue === undefined) {","        defaultValue = null;","    }","","    if (this.__attributes[key]) {","        defaultValue = this.__attributes[key];","        delete this.__attributes[key]","    }","","    return defaultValue;","};","","/**"," * Returns an attribute."," *"," * @param {String} name The attribute name"," * @param {*} defaultValue The default value if not found."," *"," * @return {*}"," */","Store.prototype.get = function (name, defaultValue) {","    var value = dotAccess.get(this.__attributes, name);","    return value === undefined ? defaultValue : value;","};","","/**"," * Returns attributes."," *"," * @return {Object} Attributes"," */","Store.prototype.all = function () {","    return this.__attributes;","};","","/**"," * Sets an attribute."," *"," * @param {string} name"," * @param {*} value"," */","Store.prototype.set = function (name, value) {","    try {","        dotAccess.set(this.__attributes, name, value);","    } catch (e) {","        util.defineMember(this.__attributes, name);","        dotAccess.set(this.__attributes, name, value);","    }","","};","","/**"," * Regenerate the CSRF token value."," */","Store.prototype.regenerateToken = function () {","    this.put('_token', uid(30));","};","","/**"," * Put a key / value pair or Object of key / value pairs in the session."," *"," * @param  {String|Object}  key"," * @param  {*|null}     value"," */","Store.prototype.put = function (key, value) {","    if (!_.isObject(key)) {","        var temp = {};","        temp[key] = value;","        key = temp;","    }","","    var objKey;","","    for (objKey in key) {","        if (key.hasOwnProperty(objKey)) {","            this.set(objKey, key[objKey])","        }","    }","};","","/**"," * Push a value onto a session array."," *"," * @param  {string}  key"," * @param  {*}   value"," */","Store.prototype.push = function (key, value) {","    var array = this.get(key, []);","    if (_.isArray(array)) {","        array.push(value);","","        this.put(key, array);","    }","};","","/**"," * Force the session to be saved and closed."," * @param {function} callback"," */","Store.prototype.save = function (callback) {","    this.ageFlashData();","","    var self = this;","","    this.__handler.write(this.getId(), this.__prepareForStorage(JSON.stringify(this.__attributes)), function (err) {","        self.__started = false;","        callback(err);","    });","};","","/**"," * Prepare the JSON string session data for storage."," *"," * @param  {String} data"," * @return {String}"," */","Store.prototype.__prepareForStorage = function (data) {","    return data;","};","","/**"," * Age the flash data for the session."," */","Store.prototype.ageFlashData = function () {","    var self = this;","","    this.get('flash.old', []).forEach(function (old) {","        self.forget(old);","    });","","    this.put('flash.old', this.get('flash.new', []));","","    this.put('flash.new', []);","};","","/**"," * Remove an item from the session."," *"," * @param  {string} key"," */","Store.prototype.forget = function (key) {","    delete this.__attributes[key];","};","","/**"," * Remove all of the items from the session."," */","Store.prototype.flush = function () {","    this.__attributes = {};","};","","/**"," * Generate a new session identifier."," *"," * @param  {Boolean} destroy"," * @return {Boolean}"," */","Store.prototype.regenerate = function (destroy) {","    if (destroy) {","        this.__handler.destroy(this.getId());","    }","","    this.setExists(false);","","    this.setId();","","    return true;","};","","/**"," * Set the existence of the session on the handler if applicable."," *"," * @param  {Boolean}  value"," */","Store.prototype.setExists = function (value) {","    if (_.isFunction(this.__handler.setExists)) {","        this.__handler.setExists(value);","    }","};","","/**"," * Get the underlying session handler implementation."," */","Store.prototype.getHandler = function () {","    return this.__handler;","};","","/**"," * Flash a key / value pair to the session."," *"," * @param  {String}  key"," * @param  {*}   value"," */","Store.prototype.flash = function (key, value) {","    this.put(key, value);","","    this.push('flash.new', key);","","    this.__removeFromOldFlashData([key]);","};","","/**"," * Flash an input array to the session."," *"," * @param  {Array} value"," */","Store.prototype.flashInput = function(value)","{","    value = [].concat(value)","    this.flash('_old_input', value);","};","","/**"," * Remove the given keys from the old flash data."," *"," * @param  {Array}  keys"," */","Store.prototype.__removeFromOldFlashData = function (keys) {","    this.put('flash.old', _.difference(this.get('flash.old', []), keys));","};","","/**"," * Re-flash all of the session flash data."," */","Store.prototype.reflash = function () {","    this.__mergeNewFlashes(this.get('flash.old', []));","","    this.put('flash.old', []);","};","","/**"," * Merge new flash keys into the new flash array."," *"," * @param  {Array}  keys"," * @protected"," */","Store.prototype.__mergeNewFlashes = function (keys) {","    var values = _.uniq((this.get('flash.new', [])).concat(keys));","","    this.put('flash.new', values);","};","","/**"," * Re-flash a subset of the current flash data."," *"," * @param  {Array|*}  keys"," */","Store.prototype.keep = function (keys) {","    keys = _.isArray(keys) ? keys : Array.prototype.slice.call(arguments);","","    this.__mergeNewFlashes(keys);","","    this.__removeFromOldFlashData(keys);","};","","/**"," * Get the CSRF token value."," *"," * @return {String}"," */","Store.prototype.getToken = function() {","    return this.get('_token');","};","","/**"," * Migrates the current session to a new session id while maintaining all"," * session attributes."," *"," * @param {boolean} destroy  Whether to delete the old session or leave it to garbage collection."," * @return {boolean}   True if session migrated, false if error."," */","Store.prototype.migrate = function (destroy) {","    if (destroy) {","        this.__handler.destroy(this.getId());","    }","","    this.setExists(false);","    this.setId();","","    return true;","};","","","module.exports = Store;"],"l":{"9":1,"10":1,"11":1,"12":1,"21":1,"22":0,"23":0,"24":0,"32":0,"39":0,"47":1,"48":0,"49":0,"52":0,"62":1,"63":0,"72":1,"73":0,"81":1,"82":0,"91":1,"92":0,"94":0,"95":0,"96":0,"99":0,"101":0,"111":1,"112":0,"121":1,"122":0,"124":0,"125":0,"126":0,"136":1,"137":0,"139":0,"140":0,"141":0,"142":0,"148":0,"158":1,"159":0,"168":1,"169":0,"179":1,"180":0,"181":0,"184":0,"185":0,"186":0,"189":0,"200":1,"201":0,"202":0,"210":1,"211":0,"220":1,"221":0,"222":0,"224":0,"225":0,"233":1,"234":0,"243":1,"244":0,"245":0,"246":0,"247":0,"250":0,"252":0,"253":0,"254":0,"265":1,"266":0,"267":0,"268":0,"270":0,"278":1,"279":0,"281":0,"283":0,"284":0,"285":0,"295":1,"296":0,"302":1,"303":0,"305":0,"306":0,"309":0,"311":0,"319":1,"320":0,"326":1,"327":0,"336":1,"337":0,"338":0,"341":0,"343":0,"345":0,"353":1,"354":0,"355":0,"362":1,"363":0,"372":1,"373":0,"375":0,"377":0,"385":1,"387":0,"388":0,"396":1,"397":0,"403":1,"404":0,"406":0,"415":1,"416":0,"418":0,"426":1,"427":0,"429":0,"431":0,"439":1,"440":0,"450":1,"451":0,"452":0,"455":0,"456":0,"458":0,"462":1}},"/home/travis/build/npmtest/node-npmtest-node-session/node_modules/node-session/lib/util.js":{"path":"/home/travis/build/npmtest/node-npmtest-node-session/node_modules/node-session/lib/util.js","s":{"1":1,"2":1,"3":1,"4":0,"5":0,"6":0,"7":0,"8":0,"9":0,"10":0,"11":1,"12":0,"13":0,"14":0,"15":0,"16":0,"17":0,"18":0,"19":0,"20":0,"21":0,"22":0,"23":1},"b":{"1":[0,0],"2":[0,0],"3":[0,0],"4":[0,0],"5":[0,0],"6":[0,0],"7":[0,0]},"f":{"1":0,"2":0,"3":0,"4":0},"fnMap":{"1":{"name":"(anonymous_1)","line":19,"loc":{"start":{"line":19,"column":20},"end":{"line":19,"column":41}}},"2":{"name":"(anonymous_2)","line":39,"loc":{"start":{"line":39,"column":20},"end":{"line":39,"column":34}}},"3":{"name":"(anonymous_3)","line":44,"loc":{"start":{"line":44,"column":15},"end":{"line":44,"column":25}}},"4":{"name":"(anonymous_4)","line":49,"loc":{"start":{"line":49,"column":15},"end":{"line":49,"column":29}}}},"statementMap":{"1":{"start":{"line":9,"column":0},"end":{"line":9,"column":38}},"2":{"start":{"line":11,"column":0},"end":{"line":11,"column":14}},"3":{"start":{"line":19,"column":0},"end":{"line":30,"column":2}},"4":{"start":{"line":20,"column":4},"end":{"line":20,"column":36}},"5":{"start":{"line":21,"column":4},"end":{"line":21,"column":10}},"6":{"start":{"line":22,"column":4},"end":{"line":22,"column":21}},"7":{"start":{"line":24,"column":4},"end":{"line":29,"column":5}},"8":{"start":{"line":25,"column":8},"end":{"line":27,"column":9}},"9":{"start":{"line":26,"column":12},"end":{"line":26,"column":38}},"10":{"start":{"line":28,"column":8},"end":{"line":28,"column":37}},"11":{"start":{"line":39,"column":0},"end":{"line":58,"column":2}},"12":{"start":{"line":40,"column":4},"end":{"line":40,"column":46}},"13":{"start":{"line":40,"column":35},"end":{"line":40,"column":46}},"14":{"start":{"line":42,"column":4},"end":{"line":45,"column":5}},"15":{"start":{"line":44,"column":8},"end":{"line":44,"column":41}},"16":{"start":{"line":44,"column":27},"end":{"line":44,"column":39}},"17":{"start":{"line":47,"column":4},"end":{"line":50,"column":5}},"18":{"start":{"line":49,"column":8},"end":{"line":49,"column":48}},"19":{"start":{"line":49,"column":31},"end":{"line":49,"column":46}},"20":{"start":{"line":52,"column":4},"end":{"line":55,"column":5}},"21":{"start":{"line":54,"column":8},"end":{"line":54,"column":33}},"22":{"start":{"line":57,"column":4},"end":{"line":57,"column":40}},"23":{"start":{"line":60,"column":0},"end":{"line":60,"column":22}}},"branchMap":{"1":{"line":25,"type":"if","locations":[{"start":{"line":25,"column":8},"end":{"line":25,"column":8}},{"start":{"line":25,"column":8},"end":{"line":25,"column":8}}]},"2":{"line":25,"type":"binary-expr","locations":[{"start":{"line":25,"column":12},"end":{"line":25,"column":48}},{"start":{"line":25,"column":52},"end":{"line":25,"column":92}}]},"3":{"line":40,"type":"if","locations":[{"start":{"line":40,"column":4},"end":{"line":40,"column":4}},{"start":{"line":40,"column":4},"end":{"line":40,"column":4}}]},"4":{"line":42,"type":"if","locations":[{"start":{"line":42,"column":4},"end":{"line":42,"column":4}},{"start":{"line":42,"column":4},"end":{"line":42,"column":4}}]},"5":{"line":47,"type":"if","locations":[{"start":{"line":47,"column":4},"end":{"line":47,"column":4}},{"start":{"line":47,"column":4},"end":{"line":47,"column":4}}]},"6":{"line":52,"type":"if","locations":[{"start":{"line":52,"column":4},"end":{"line":52,"column":4}},{"start":{"line":52,"column":4},"end":{"line":52,"column":4}}]},"7":{"line":57,"type":"binary-expr","locations":[{"start":{"line":57,"column":29},"end":{"line":57,"column":32}},{"start":{"line":57,"column":36},"end":{"line":57,"column":38}}]}},"code":["/**"," * util.js"," *"," * @author: Harish Anchu <harishanchu@gmail.com>"," * @copyright 2015, Harish Anchu. All rights reserved."," * @license Licensed under MIT"," */","","var proxyaddr = require('proxy-addr');","","var util = {};","","/**"," * Define a object key by dot notation"," *"," * @param {Object} obj"," * @param {String} name"," */","util.defineMember = function (obj, name) {","    var nameSplit = name.split('.');","    var i;","    var exists = obj;","","    for (i = 0; i < nameSplit.length - 1; i++) {","        if (!exists.hasOwnProperty(nameSplit[i]) || typeof exists[nameSplit[i]] !== 'object') {","            exists[nameSplit[i]] = {};","        }","        exists = exists[nameSplit[i]]","    }","};","","/**"," * Compile \"proxy trust\" value to function."," *"," * @param  {Boolean|String|Number|Array|Function} val"," * @return {Function}"," */","","util.compileTrust = function(val) {","    if (typeof val === 'function') return val;","","    if (val === true) {","        // Support plain true/false","        return function(){ return true };","    }","","    if (typeof val === 'number') {","        // Support trusting hop count","        return function(a, i){ return i < val };","    }","","    if (typeof val === 'string') {","        // Support comma-separated values","        val = val.split(/ *, */);","    }","","    return proxyaddr.compile(val || []);","};","","module.exports = util;"],"l":{"9":1,"11":1,"19":1,"20":0,"21":0,"22":0,"24":0,"25":0,"26":0,"28":0,"39":1,"40":0,"42":0,"44":0,"47":0,"49":0,"52":0,"54":0,"57":0,"60":1}},"/home/travis/build/npmtest/node-npmtest-node-session/node_modules/node-session/lib/store/EncryptedStore.js":{"path":"/home/travis/build/npmtest/node-npmtest-node-session/node_modules/node-session/lib/store/EncryptedStore.js","s":{"1":1,"2":1,"3":1,"4":1,"5":0,"6":0,"7":0,"8":0,"9":1,"10":1,"11":0,"12":1,"13":0,"14":1},"b":{"1":[0,0]},"f":{"1":0,"2":0,"3":0},"fnMap":{"1":{"name":"EncryptedStore","line":23,"loc":{"start":{"line":23,"column":0},"end":{"line":23,"column":62}}},"2":{"name":"(anonymous_2)","line":41,"loc":{"start":{"line":41,"column":45},"end":{"line":41,"column":61}}},"3":{"name":"(anonymous_3)","line":51,"loc":{"start":{"line":51,"column":47},"end":{"line":51,"column":63}}}},"statementMap":{"1":{"start":{"line":9,"column":0},"end":{"line":9,"column":27}},"2":{"start":{"line":10,"column":0},"end":{"line":10,"column":31}},"3":{"start":{"line":11,"column":0},"end":{"line":11,"column":37}},"4":{"start":{"line":23,"column":0},"end":{"line":31,"column":1}},"5":{"start":{"line":24,"column":4},"end":{"line":24,"column":49}},"6":{"start":{"line":26,"column":4},"end":{"line":28,"column":5}},"7":{"start":{"line":27,"column":8},"end":{"line":27,"column":42}},"8":{"start":{"line":30,"column":4},"end":{"line":30,"column":33}},"9":{"start":{"line":33,"column":0},"end":{"line":33,"column":37}},"10":{"start":{"line":41,"column":0},"end":{"line":43,"column":2}},"11":{"start":{"line":42,"column":4},"end":{"line":42,"column":42}},"12":{"start":{"line":51,"column":0},"end":{"line":53,"column":2}},"13":{"start":{"line":52,"column":4},"end":{"line":52,"column":42}},"14":{"start":{"line":55,"column":0},"end":{"line":55,"column":32}}},"branchMap":{"1":{"line":26,"type":"if","locations":[{"start":{"line":26,"column":4},"end":{"line":26,"column":4}},{"start":{"line":26,"column":4},"end":{"line":26,"column":4}}]}},"code":["/**"," * EncryptedStore.js"," *"," * @author: Harish Anchu <harishanchu@gmail.com>"," * @copyright 2015, Harish Anchu. All rights reserved."," * @license Licensed under MIT"," */","","var util = require('util');","var Store = require('./Store');","var Encrypter = require('encrypter');","","","/**"," * Create a new session instance."," *"," * @param  {String} name"," * @param  {Object} handler"," * @param  {Object|null} encrypter"," * @param  {String} secret - key for encryption"," * @param  {String|null} id"," */","function EncryptedStore(name, handler, encrypter, secret, id) {","    EncryptedStore.super_.apply(this, arguments);","","    if (!encrypter) {","        encrypter = new Encrypter(secret);","    }","","    this.__encrypter = encrypter;","}","","util.inherits(EncryptedStore, Store);","","/**"," * Prepare the raw string data from the session for JSON parse."," *"," * @param  {String} data"," * @return {String}"," */","EncryptedStore.prototype.__prepareForParse = function (data) {","    return this.__encrypter.decrypt(data);","};","","/**"," * Prepare the JSON string session data for storage."," *"," * @param  {String} data"," * @return {String}"," */","EncryptedStore.prototype.__prepareForStorage = function (data) {","    return this.__encrypter.encrypt(data);","};","","module.exports = EncryptedStore;"],"l":{"9":1,"10":1,"11":1,"23":1,"24":0,"26":0,"27":0,"30":0,"33":1,"41":1,"42":0,"51":1,"52":0,"55":1}}}